[2025-07-08T11:46:05.539+0000] {local_task_job_runner.py:123} INFO - ::group::Pre task execution logs
[2025-07-08T11:46:05.546+0000] {taskinstance.py:2612} INFO - Dependencies all met for dep_context=non-requeueable deps ti=<TaskInstance: extract_raw_data_pipeline.load_raw_data manual__2025-07-08T11:45:59.939628+00:00 [queued]>
[2025-07-08T11:46:05.550+0000] {taskinstance.py:2612} INFO - Dependencies all met for dep_context=requeueable deps ti=<TaskInstance: extract_raw_data_pipeline.load_raw_data manual__2025-07-08T11:45:59.939628+00:00 [queued]>
[2025-07-08T11:46:05.550+0000] {taskinstance.py:2865} INFO - Starting attempt 1 of 1
[2025-07-08T11:46:05.555+0000] {taskinstance.py:2888} INFO - Executing <Task(SQLExecuteQueryOperator): load_raw_data> on 2025-07-08 11:45:59.939628+00:00
[2025-07-08T11:46:05.558+0000] {standard_task_runner.py:72} INFO - Started process 93 to run task
[2025-07-08T11:46:05.560+0000] {standard_task_runner.py:104} INFO - Running: ['***', 'tasks', 'run', 'extract_raw_data_pipeline', 'load_raw_data', 'manual__2025-07-08T11:45:59.939628+00:00', '--job-id', '49', '--raw', '--subdir', 'DAGS_FOLDER/driven_data_pipeline.py', '--cfg-path', '/tmp/tmpmu0f60qz']
[2025-07-08T11:46:05.562+0000] {standard_task_runner.py:105} INFO - Job 49: Subtask load_raw_data
[2025-07-08T11:46:05.582+0000] {task_command.py:467} INFO - Running <TaskInstance: extract_raw_data_pipeline.load_raw_data manual__2025-07-08T11:45:59.939628+00:00 [running]> on host c5e8f63c4851
[2025-07-08T11:46:05.610+0000] {taskinstance.py:3131} INFO - Exporting env vars: AIRFLOW_CTX_DAG_OWNER='***' AIRFLOW_CTX_DAG_ID='extract_raw_data_pipeline' AIRFLOW_CTX_TASK_ID='load_raw_data' AIRFLOW_CTX_EXECUTION_DATE='2025-07-08T11:45:59.939628+00:00' AIRFLOW_CTX_TRY_NUMBER='1' AIRFLOW_CTX_DAG_RUN_ID='manual__2025-07-08T11:45:59.939628+00:00'
[2025-07-08T11:46:05.611+0000] {logging_mixin.py:190} INFO - Task instance is in running state
[2025-07-08T11:46:05.611+0000] {logging_mixin.py:190} INFO -  Previous state of the Task instance: queued
[2025-07-08T11:46:05.611+0000] {logging_mixin.py:190} INFO - Current task name:load_raw_data state:running start_date:2025-07-08 11:46:05.547207+00:00
[2025-07-08T11:46:05.612+0000] {logging_mixin.py:190} INFO - Dag name:extract_raw_data_pipeline and current dag run status:running
[2025-07-08T11:46:05.612+0000] {taskinstance.py:731} INFO - ::endgroup::
[2025-07-08T11:46:05.612+0000] {sql.py:266} INFO - Executing: 
    COPY driven_raw.raw_batch_data(
    person_name, user_name, email, personal_number, birth_date,
    address, phone, mac_address, ip_address, iban, accessed_at,
    session_duration, download_speed, upload_speed, consumed_traffic, unique_id
    ) 
    FROM '/opt/***/data/raw_data.csv' 
    DELIMITER ',' 
    CSV HEADER;
    
[2025-07-08T11:46:05.615+0000] {base.py:84} INFO - Retrieving connection 'postgres_default'
[2025-07-08T11:46:05.618+0000] {base.py:84} INFO - Retrieving connection 'postgres_default'
[2025-07-08T11:46:05.620+0000] {sql.py:509} INFO - Running statement: 
    COPY driven_raw.raw_batch_data(
    person_name, user_name, email, personal_number, birth_date,
    address, phone, mac_address, ip_address, iban, accessed_at,
    session_duration, download_speed, upload_speed, consumed_traffic, unique_id
    ) 
    FROM '/opt/***/data/raw_data.csv' 
    DELIMITER ',' 
    CSV HEADER;
    , parameters: None
[2025-07-08T11:46:05.623+0000] {sql.py:518} INFO - Rows affected: 814
[2025-07-08T11:46:05.627+0000] {taskinstance.py:340} INFO - ::group::Post task execution logs
[2025-07-08T11:46:05.627+0000] {taskinstance.py:352} INFO - Marking task as SUCCESS. dag_id=extract_raw_data_pipeline, task_id=load_raw_data, run_id=manual__2025-07-08T11:45:59.939628+00:00, execution_date=20250708T114559, start_date=20250708T114605, end_date=20250708T114605
[2025-07-08T11:46:05.630+0000] {logging_mixin.py:190} INFO - Task instance in success state
[2025-07-08T11:46:05.630+0000] {logging_mixin.py:190} INFO -  Previous state of the Task instance: running
[2025-07-08T11:46:05.630+0000] {logging_mixin.py:190} INFO - Dag name:extract_raw_data_pipeline queued_at:2025-07-08 11:45:59.957145+00:00
[2025-07-08T11:46:05.630+0000] {logging_mixin.py:190} INFO - Task hostname:c5e8f63c4851 operator:SQLExecuteQueryOperator
[2025-07-08T11:46:05.656+0000] {local_task_job_runner.py:266} INFO - Task exited with return code 0
[2025-07-08T11:46:05.667+0000] {taskinstance.py:3900} INFO - 1 downstream tasks scheduled from follow-on schedule check
[2025-07-08T11:46:05.667+0000] {local_task_job_runner.py:245} INFO - ::endgroup::
