[2025-07-08T11:41:51.162+0000] {local_task_job_runner.py:123} INFO - ::group::Pre task execution logs
[2025-07-08T11:41:51.168+0000] {taskinstance.py:2612} INFO - Dependencies all met for dep_context=non-requeueable deps ti=<TaskInstance: extract_raw_data_pipeline.load_raw_data manual__2025-07-08T11:41:45.934826+00:00 [queued]>
[2025-07-08T11:41:51.171+0000] {taskinstance.py:2612} INFO - Dependencies all met for dep_context=requeueable deps ti=<TaskInstance: extract_raw_data_pipeline.load_raw_data manual__2025-07-08T11:41:45.934826+00:00 [queued]>
[2025-07-08T11:41:51.171+0000] {taskinstance.py:2865} INFO - Starting attempt 1 of 1
[2025-07-08T11:41:51.176+0000] {taskinstance.py:2888} INFO - Executing <Task(SQLExecuteQueryOperator): load_raw_data> on 2025-07-08 11:41:45.934826+00:00
[2025-07-08T11:41:51.179+0000] {standard_task_runner.py:72} INFO - Started process 234 to run task
[2025-07-08T11:41:51.181+0000] {standard_task_runner.py:104} INFO - Running: ['***', 'tasks', 'run', 'extract_raw_data_pipeline', 'load_raw_data', 'manual__2025-07-08T11:41:45.934826+00:00', '--job-id', '41', '--raw', '--subdir', 'DAGS_FOLDER/driven_data_pipeline.py', '--cfg-path', '/tmp/tmp89h940ao']
[2025-07-08T11:41:51.182+0000] {standard_task_runner.py:105} INFO - Job 41: Subtask load_raw_data
[2025-07-08T11:41:51.205+0000] {task_command.py:467} INFO - Running <TaskInstance: extract_raw_data_pipeline.load_raw_data manual__2025-07-08T11:41:45.934826+00:00 [running]> on host c95656197d4a
[2025-07-08T11:41:51.237+0000] {taskinstance.py:3131} INFO - Exporting env vars: AIRFLOW_CTX_DAG_OWNER='***' AIRFLOW_CTX_DAG_ID='extract_raw_data_pipeline' AIRFLOW_CTX_TASK_ID='load_raw_data' AIRFLOW_CTX_EXECUTION_DATE='2025-07-08T11:41:45.934826+00:00' AIRFLOW_CTX_TRY_NUMBER='1' AIRFLOW_CTX_DAG_RUN_ID='manual__2025-07-08T11:41:45.934826+00:00'
[2025-07-08T11:41:51.238+0000] {logging_mixin.py:190} INFO - Task instance is in running state
[2025-07-08T11:41:51.238+0000] {logging_mixin.py:190} INFO -  Previous state of the Task instance: queued
[2025-07-08T11:41:51.238+0000] {logging_mixin.py:190} INFO - Current task name:load_raw_data state:running start_date:2025-07-08 11:41:51.168896+00:00
[2025-07-08T11:41:51.238+0000] {logging_mixin.py:190} INFO - Dag name:extract_raw_data_pipeline and current dag run status:running
[2025-07-08T11:41:51.238+0000] {taskinstance.py:731} INFO - ::endgroup::
[2025-07-08T11:41:51.239+0000] {sql.py:266} INFO - Executing: 
    COPY driven_raw.raw_batch_data(
    person_name, user_name, email, personal_number, birth_date,
    address, phone, mac_address, ip_address, iban, accessed_at,
    session_duration, download_speed, upload_speed, consumed_traffic, unique_id
    ) 
    FROM '/opt/***/data/raw_data.csv' 
    DELIMITER ',' 
    CSV HEADER;
    
[2025-07-08T11:41:51.242+0000] {base.py:84} INFO - Retrieving connection 'postgres_default'
[2025-07-08T11:41:51.246+0000] {base.py:84} INFO - Retrieving connection 'postgres_default'
[2025-07-08T11:41:51.247+0000] {sql.py:509} INFO - Running statement: 
    COPY driven_raw.raw_batch_data(
    person_name, user_name, email, personal_number, birth_date,
    address, phone, mac_address, ip_address, iban, accessed_at,
    session_duration, download_speed, upload_speed, consumed_traffic, unique_id
    ) 
    FROM '/opt/***/data/raw_data.csv' 
    DELIMITER ',' 
    CSV HEADER;
    , parameters: None
[2025-07-08T11:41:51.250+0000] {sql.py:518} INFO - Rows affected: 514
[2025-07-08T11:41:51.254+0000] {taskinstance.py:340} INFO - ::group::Post task execution logs
[2025-07-08T11:41:51.254+0000] {taskinstance.py:352} INFO - Marking task as SUCCESS. dag_id=extract_raw_data_pipeline, task_id=load_raw_data, run_id=manual__2025-07-08T11:41:45.934826+00:00, execution_date=20250708T114145, start_date=20250708T114151, end_date=20250708T114151
[2025-07-08T11:41:51.257+0000] {logging_mixin.py:190} INFO - Task instance in success state
[2025-07-08T11:41:51.257+0000] {logging_mixin.py:190} INFO -  Previous state of the Task instance: running
[2025-07-08T11:41:51.257+0000] {logging_mixin.py:190} INFO - Dag name:extract_raw_data_pipeline queued_at:2025-07-08 11:41:45.964631+00:00
[2025-07-08T11:41:51.258+0000] {logging_mixin.py:190} INFO - Task hostname:c95656197d4a operator:SQLExecuteQueryOperator
[2025-07-08T11:41:51.277+0000] {local_task_job_runner.py:266} INFO - Task exited with return code 0
[2025-07-08T11:41:51.289+0000] {taskinstance.py:3900} INFO - 1 downstream tasks scheduled from follow-on schedule check
[2025-07-08T11:41:51.290+0000] {local_task_job_runner.py:245} INFO - ::endgroup::
