[2025-07-08T11:08:33.958+0000] {local_task_job_runner.py:123} INFO - ::group::Pre task execution logs
[2025-07-08T11:08:33.968+0000] {taskinstance.py:2612} INFO - Dependencies all met for dep_context=non-requeueable deps ti=<TaskInstance: extract_raw_data_pipeline.extract_raw_data scheduled__2025-07-08T07:58:00+00:00 [queued]>
[2025-07-08T11:08:33.973+0000] {taskinstance.py:2612} INFO - Dependencies all met for dep_context=requeueable deps ti=<TaskInstance: extract_raw_data_pipeline.extract_raw_data scheduled__2025-07-08T07:58:00+00:00 [queued]>
[2025-07-08T11:08:33.974+0000] {taskinstance.py:2865} INFO - Starting attempt 1 of 1
[2025-07-08T11:08:33.981+0000] {taskinstance.py:2888} INFO - Executing <Task(PythonOperator): extract_raw_data> on 2025-07-08 07:58:00+00:00
[2025-07-08T11:08:33.989+0000] {standard_task_runner.py:72} INFO - Started process 83 to run task
[2025-07-08T11:08:33.993+0000] {standard_task_runner.py:104} INFO - Running: ['***', 'tasks', 'run', 'extract_raw_data_pipeline', 'extract_raw_data', 'scheduled__2025-07-08T07:58:00+00:00', '--job-id', '3', '--raw', '--subdir', 'DAGS_FOLDER/driven_data_pipeline.py', '--cfg-path', '/tmp/tmp7ez9o_f2']
[2025-07-08T11:08:33.995+0000] {standard_task_runner.py:105} INFO - Job 3: Subtask extract_raw_data
[2025-07-08T11:08:34.048+0000] {task_command.py:467} INFO - Running <TaskInstance: extract_raw_data_pipeline.extract_raw_data scheduled__2025-07-08T07:58:00+00:00 [running]> on host 08d09176ca22
[2025-07-08T11:08:34.084+0000] {taskinstance.py:3131} INFO - Exporting env vars: AIRFLOW_CTX_DAG_OWNER='***' AIRFLOW_CTX_DAG_ID='extract_raw_data_pipeline' AIRFLOW_CTX_TASK_ID='extract_raw_data' AIRFLOW_CTX_EXECUTION_DATE='2025-07-08T07:58:00+00:00' AIRFLOW_CTX_TRY_NUMBER='1' AIRFLOW_CTX_DAG_RUN_ID='scheduled__2025-07-08T07:58:00+00:00'
[2025-07-08T11:08:34.085+0000] {logging_mixin.py:190} INFO - Task instance is in running state
[2025-07-08T11:08:34.085+0000] {logging_mixin.py:190} INFO -  Previous state of the Task instance: queued
[2025-07-08T11:08:34.085+0000] {logging_mixin.py:190} INFO - Current task name:extract_raw_data state:running start_date:2025-07-08 11:08:33.969216+00:00
[2025-07-08T11:08:34.085+0000] {logging_mixin.py:190} INFO - Dag name:extract_raw_data_pipeline and current dag run status:running
[2025-07-08T11:08:34.086+0000] {taskinstance.py:731} INFO - ::endgroup::
[2025-07-08T11:08:34.086+0000] {driven_data_pipeline.py:143} INFO - Started batch processing for 2025-07-08.
[2025-07-08T11:08:34.086+0000] {driven_data_pipeline.py:34} INFO - Created synthetic data for RO country code.
[2025-07-08T11:08:34.254+0000] {driven_data_pipeline.py:100} INFO - Written 1080 records to the CSV file.
[2025-07-08T11:08:34.271+0000] {driven_data_pipeline.py:116} INFO - Added UUID to the dataset.
[2025-07-08T11:08:34.276+0000] {driven_data_pipeline.py:135} INFO - Updated accessed timestamp.
[2025-07-08T11:08:34.276+0000] {driven_data_pipeline.py:151} INFO - Finished batch processing 2025-07-08.
[2025-07-08T11:08:34.276+0000] {python.py:240} INFO - Done. Returned value was: None
[2025-07-08T11:08:34.282+0000] {taskinstance.py:340} INFO - ::group::Post task execution logs
[2025-07-08T11:08:34.282+0000] {taskinstance.py:352} INFO - Marking task as SUCCESS. dag_id=extract_raw_data_pipeline, task_id=extract_raw_data, run_id=scheduled__2025-07-08T07:58:00+00:00, execution_date=20250708T075800, start_date=20250708T110833, end_date=20250708T110834
[2025-07-08T11:08:34.286+0000] {logging_mixin.py:190} INFO - Task instance in success state
[2025-07-08T11:08:34.286+0000] {logging_mixin.py:190} INFO -  Previous state of the Task instance: running
[2025-07-08T11:08:34.286+0000] {logging_mixin.py:190} INFO - Dag name:extract_raw_data_pipeline queued_at:2025-07-08 11:08:31.647398+00:00
[2025-07-08T11:08:34.287+0000] {logging_mixin.py:190} INFO - Task hostname:08d09176ca22 operator:PythonOperator
[2025-07-08T11:08:34.304+0000] {local_task_job_runner.py:266} INFO - Task exited with return code 0
[2025-07-08T11:08:34.316+0000] {taskinstance.py:3900} INFO - 0 downstream tasks scheduled from follow-on schedule check
[2025-07-08T11:08:34.317+0000] {local_task_job_runner.py:245} INFO - ::endgroup::
