[2025-07-08T11:46:11.174+0000] {local_task_job_runner.py:123} INFO - ::group::Pre task execution logs
[2025-07-08T11:46:11.182+0000] {taskinstance.py:2612} INFO - Dependencies all met for dep_context=non-requeueable deps ti=<TaskInstance: extract_raw_data_pipeline.run_dbt_trusted manual__2025-07-08T11:45:59.939628+00:00 [queued]>
[2025-07-08T11:46:11.185+0000] {taskinstance.py:2612} INFO - Dependencies all met for dep_context=requeueable deps ti=<TaskInstance: extract_raw_data_pipeline.run_dbt_trusted manual__2025-07-08T11:45:59.939628+00:00 [queued]>
[2025-07-08T11:46:11.185+0000] {taskinstance.py:2865} INFO - Starting attempt 1 of 1
[2025-07-08T11:46:11.190+0000] {taskinstance.py:2888} INFO - Executing <Task(BashOperator): run_dbt_trusted> on 2025-07-08 11:45:59.939628+00:00
[2025-07-08T11:46:11.193+0000] {standard_task_runner.py:72} INFO - Started process 121 to run task
[2025-07-08T11:46:11.195+0000] {standard_task_runner.py:104} INFO - Running: ['***', 'tasks', 'run', 'extract_raw_data_pipeline', 'run_dbt_trusted', 'manual__2025-07-08T11:45:59.939628+00:00', '--job-id', '51', '--raw', '--subdir', 'DAGS_FOLDER/driven_data_pipeline.py', '--cfg-path', '/tmp/tmpdw004ph3']
[2025-07-08T11:46:11.196+0000] {standard_task_runner.py:105} INFO - Job 51: Subtask run_dbt_trusted
[2025-07-08T11:46:11.219+0000] {task_command.py:467} INFO - Running <TaskInstance: extract_raw_data_pipeline.run_dbt_trusted manual__2025-07-08T11:45:59.939628+00:00 [running]> on host c5e8f63c4851
[2025-07-08T11:46:11.250+0000] {taskinstance.py:3131} INFO - Exporting env vars: AIRFLOW_CTX_DAG_OWNER='***' AIRFLOW_CTX_DAG_ID='extract_raw_data_pipeline' AIRFLOW_CTX_TASK_ID='run_dbt_trusted' AIRFLOW_CTX_EXECUTION_DATE='2025-07-08T11:45:59.939628+00:00' AIRFLOW_CTX_TRY_NUMBER='1' AIRFLOW_CTX_DAG_RUN_ID='manual__2025-07-08T11:45:59.939628+00:00'
[2025-07-08T11:46:11.251+0000] {logging_mixin.py:190} INFO - Task instance is in running state
[2025-07-08T11:46:11.251+0000] {logging_mixin.py:190} INFO -  Previous state of the Task instance: queued
[2025-07-08T11:46:11.251+0000] {logging_mixin.py:190} INFO - Current task name:run_dbt_trusted state:running start_date:2025-07-08 11:46:11.182354+00:00
[2025-07-08T11:46:11.251+0000] {logging_mixin.py:190} INFO - Dag name:extract_raw_data_pipeline and current dag run status:running
[2025-07-08T11:46:11.251+0000] {taskinstance.py:731} INFO - ::endgroup::
[2025-07-08T11:46:11.252+0000] {subprocess.py:63} INFO - Tmp dir root location: /tmp
[2025-07-08T11:46:11.252+0000] {subprocess.py:75} INFO - Running command: ['/usr/bin/bash', '-c', 'set -x; cd /opt/***/dbt && dbt run --select tag:trusted']
[2025-07-08T11:46:11.257+0000] {subprocess.py:86} INFO - Output:
[2025-07-08T11:46:11.258+0000] {subprocess.py:93} INFO - + cd /opt/***/dbt
[2025-07-08T11:46:11.258+0000] {subprocess.py:93} INFO - + dbt run --select tag:trusted
[2025-07-08T11:46:12.166+0000] {subprocess.py:93} INFO - [0m11:46:12  Running with dbt=1.8.0
[2025-07-08T11:46:12.270+0000] {subprocess.py:93} INFO - [0m11:46:12  Registered adapter: postgres=1.8.2
[2025-07-08T11:46:12.453+0000] {subprocess.py:93} INFO - [0m11:46:12  Found 9 models, 10 sources, 428 macros
[2025-07-08T11:46:12.455+0000] {subprocess.py:93} INFO - [0m11:46:12
[2025-07-08T11:46:12.545+0000] {subprocess.py:93} INFO - [0m11:46:12  Concurrency: 1 threads (target='dev')
[2025-07-08T11:46:12.545+0000] {subprocess.py:93} INFO - [0m11:46:12
[2025-07-08T11:46:12.551+0000] {subprocess.py:93} INFO - [0m11:46:12  1 of 4 START sql table model driven_trusted.non_pii_data ....................... [RUN]
[2025-07-08T11:46:12.629+0000] {subprocess.py:93} INFO - [0m11:46:12  1 of 4 OK created sql table model driven_trusted.non_pii_data .................. [[32mSELECT 814[0m in 0.08s]
[2025-07-08T11:46:12.631+0000] {subprocess.py:93} INFO - [0m11:46:12  2 of 4 START sql table model driven_trusted.payment_data ....................... [RUN]
[2025-07-08T11:46:12.655+0000] {subprocess.py:93} INFO - [0m11:46:12  2 of 4 OK created sql table model driven_trusted.payment_data .................. [[32mSELECT 814[0m in 0.02s]
[2025-07-08T11:46:12.657+0000] {subprocess.py:93} INFO - [0m11:46:12  3 of 4 START sql table model driven_trusted.pii_data ........................... [RUN]
[2025-07-08T11:46:12.700+0000] {subprocess.py:93} INFO - [0m11:46:12  3 of 4 OK created sql table model driven_trusted.pii_data ...................... [[32mSELECT 814[0m in 0.04s]
[2025-07-08T11:46:12.702+0000] {subprocess.py:93} INFO - [0m11:46:12  4 of 4 START sql table model driven_trusted.technical_data ..................... [RUN]
[2025-07-08T11:46:12.726+0000] {subprocess.py:93} INFO - [0m11:46:12  4 of 4 OK created sql table model driven_trusted.technical_data ................ [[32mSELECT 814[0m in 0.02s]
[2025-07-08T11:46:12.732+0000] {subprocess.py:93} INFO - [0m11:46:12
[2025-07-08T11:46:12.732+0000] {subprocess.py:93} INFO - [0m11:46:12  Finished running 4 table models in 0 hours 0 minutes and 0.28 seconds (0.28s).
[2025-07-08T11:46:12.757+0000] {subprocess.py:93} INFO - [0m11:46:12
[2025-07-08T11:46:12.757+0000] {subprocess.py:93} INFO - [0m11:46:12  [32mCompleted successfully[0m
[2025-07-08T11:46:12.757+0000] {subprocess.py:93} INFO - [0m11:46:12
[2025-07-08T11:46:12.758+0000] {subprocess.py:93} INFO - [0m11:46:12  Done. PASS=4 WARN=0 ERROR=0 SKIP=0 TOTAL=4
[2025-07-08T11:46:13.170+0000] {subprocess.py:97} INFO - Command exited with return code 0
[2025-07-08T11:46:13.181+0000] {taskinstance.py:340} INFO - ::group::Post task execution logs
[2025-07-08T11:46:13.181+0000] {taskinstance.py:352} INFO - Marking task as SUCCESS. dag_id=extract_raw_data_pipeline, task_id=run_dbt_trusted, run_id=manual__2025-07-08T11:45:59.939628+00:00, execution_date=20250708T114559, start_date=20250708T114611, end_date=20250708T114613
[2025-07-08T11:46:13.185+0000] {logging_mixin.py:190} INFO - Task instance in success state
[2025-07-08T11:46:13.185+0000] {logging_mixin.py:190} INFO -  Previous state of the Task instance: running
[2025-07-08T11:46:13.185+0000] {logging_mixin.py:190} INFO - Dag name:extract_raw_data_pipeline queued_at:2025-07-08 11:45:59.957145+00:00
[2025-07-08T11:46:13.186+0000] {logging_mixin.py:190} INFO - Task hostname:c5e8f63c4851 operator:BashOperator
[2025-07-08T11:46:13.229+0000] {local_task_job_runner.py:266} INFO - Task exited with return code 0
[2025-07-08T11:46:13.236+0000] {taskinstance.py:3900} INFO - 0 downstream tasks scheduled from follow-on schedule check
[2025-07-08T11:46:13.237+0000] {local_task_job_runner.py:245} INFO - ::endgroup::
