[0m13:38:32.110436 [debug] [MainThread]: Sending event: {'category': 'dbt', 'action': 'invocation', 'label': 'start', 'context': [<snowplow_tracker.self_describing_json.SelfDescribingJson object at 0x00000279C1E842D0>, <snowplow_tracker.self_describing_json.SelfDescribingJson object at 0x00000279C1E79D50>, <snowplow_tracker.self_describing_json.SelfDescribingJson object at 0x00000279C1E86290>]}


============================== 13:38:32.110436 | 03b2be47-df14-4b92-b7b5-ac7ef714d267 ==============================
[0m13:38:32.110436 [info ] [MainThread]: Running with dbt=1.8.0
[0m13:38:32.110436 [debug] [MainThread]: running dbt with arguments {'printer_width': '80', 'indirect_selection': 'eager', 'log_cache_events': 'False', 'write_json': 'True', 'partial_parse': 'True', 'cache_selected_only': 'False', 'warn_error': 'None', 'version_check': 'True', 'fail_fast': 'False', 'log_path': 'c:\\Users\\rmurz\\OneDrive - SoftServe, Inc\\PERSONAL\\PROJECTS\\DrivenPath\\chapter_3\\src_3\\dbt\\logs', 'profiles_dir': 'c:\\Users\\rmurz\\OneDrive - SoftServe, Inc\\PERSONAL\\PROJECTS\\DrivenPath\\chapter_3\\src_3\\dbt', 'debug': 'False', 'use_colors': 'True', 'use_experimental_parser': 'False', 'no_print': 'None', 'quiet': 'False', 'warn_error_options': 'WarnErrorOptions(include=[], exclude=[])', 'static_parser': 'True', 'invocation_command': 'dbt ', 'log_format': 'default', 'target_path': 'None', 'introspect': 'True', 'send_anonymous_usage_stats': 'True'}
[0m13:38:32.260390 [debug] [MainThread]: Sending event: {'category': 'dbt', 'action': 'project_id', 'label': '03b2be47-df14-4b92-b7b5-ac7ef714d267', 'context': [<snowplow_tracker.self_describing_json.SelfDescribingJson object at 0x00000279C1E9EB10>]}
[0m13:38:32.294666 [info ] [MainThread]: Warning: No packages were found in packages.yml
[0m13:38:32.296666 [info ] [MainThread]: Warning: No packages were found in packages.yml
[0m13:38:32.298668 [debug] [MainThread]: Command `cli deps` succeeded at 13:38:32.298668 after 0.26 seconds
[0m13:38:32.299667 [debug] [MainThread]: Sending event: {'category': 'dbt', 'action': 'invocation', 'label': 'end', 'context': [<snowplow_tracker.self_describing_json.SelfDescribingJson object at 0x00000279C1E39890>, <snowplow_tracker.self_describing_json.SelfDescribingJson object at 0x00000279C1E79B10>, <snowplow_tracker.self_describing_json.SelfDescribingJson object at 0x00000279C1E7A850>]}
[0m13:38:32.299667 [debug] [MainThread]: Flushing usage events
[0m14:09:54.474682 [debug] [MainThread]: Sending event: {'category': 'dbt', 'action': 'invocation', 'label': 'start', 'context': [<snowplow_tracker.self_describing_json.SelfDescribingJson object at 0x000002A9EB085A50>, <snowplow_tracker.self_describing_json.SelfDescribingJson object at 0x000002A9EB070C90>, <snowplow_tracker.self_describing_json.SelfDescribingJson object at 0x000002A9EB071B90>]}


============================== 14:09:54.480986 | 33ca0e69-1022-4d04-98f2-5aba7afd03f3 ==============================
[0m14:09:54.480986 [info ] [MainThread]: Running with dbt=1.9.2
[0m14:09:54.482006 [debug] [MainThread]: running dbt with arguments {'printer_width': '80', 'indirect_selection': 'eager', 'write_json': 'True', 'log_cache_events': 'False', 'partial_parse': 'True', 'cache_selected_only': 'False', 'warn_error': 'None', 'fail_fast': 'False', 'version_check': 'True', 'log_path': 'c:\\Users\\rmurz\\OneDrive - SoftServe, Inc\\PERSONAL\\PROJECTS\\DrivenPath\\chapter_3\\src_3\\dbt\\logs', 'profiles_dir': 'c:\\Users\\rmurz\\OneDrive - SoftServe, Inc\\PERSONAL\\PROJECTS\\DrivenPath\\chapter_3\\src_3\\dbt', 'debug': 'False', 'use_colors': 'True', 'use_experimental_parser': 'False', 'no_print': 'None', 'quiet': 'False', 'empty': 'None', 'warn_error_options': 'WarnErrorOptions(include=[], exclude=[])', 'static_parser': 'True', 'log_format': 'default', 'introspect': 'True', 'target_path': 'None', 'invocation_command': 'dbt ', 'send_anonymous_usage_stats': 'True'}
[0m14:09:54.593687 [debug] [MainThread]: Sending event: {'category': 'dbt', 'action': 'project_id', 'label': '33ca0e69-1022-4d04-98f2-5aba7afd03f3', 'context': [<snowplow_tracker.self_describing_json.SelfDescribingJson object at 0x000002A9EB070990>]}
[0m14:09:54.613354 [info ] [MainThread]: Warning: No packages were found in packages.yml
[0m14:09:54.616355 [info ] [MainThread]: Warning: No packages were found in packages.yml
[0m14:09:54.617354 [debug] [MainThread]: Command `cli deps` succeeded at 14:09:54.617354 after 0.25 seconds
[0m14:09:54.617354 [debug] [MainThread]: Sending event: {'category': 'dbt', 'action': 'invocation', 'label': 'end', 'context': [<snowplow_tracker.self_describing_json.SelfDescribingJson object at 0x000002A9EAE5DC50>, <snowplow_tracker.self_describing_json.SelfDescribingJson object at 0x000002A9EB03AFD0>, <snowplow_tracker.self_describing_json.SelfDescribingJson object at 0x000002A9E4B94E50>]}
[0m14:09:54.618355 [debug] [MainThread]: Flushing usage events
[0m14:09:55.221177 [debug] [MainThread]: An error was encountered while trying to flush usage events
[0m04:13:08.388377 [debug] [MainThread]: Sending event: {'category': 'dbt', 'action': 'invocation', 'label': 'start', 'context': [<snowplow_tracker.self_describing_json.SelfDescribingJson object at 0x107d78b20>, <snowplow_tracker.self_describing_json.SelfDescribingJson object at 0x1218ec520>, <snowplow_tracker.self_describing_json.SelfDescribingJson object at 0x1218ec340>]}


============================== 04:13:08.391899 | 02ce7467-abb6-4e53-b186-de4a106b2047 ==============================
[0m04:13:08.391899 [info ] [MainThread]: Running with dbt=1.10.3
[0m04:13:08.392225 [debug] [MainThread]: running dbt with arguments {'printer_width': '80', 'indirect_selection': 'eager', 'log_cache_events': 'False', 'write_json': 'True', 'partial_parse': 'True', 'cache_selected_only': 'False', 'warn_error': 'None', 'debug': 'False', 'fail_fast': 'False', 'log_path': '/Users/mirianahc3gmail.com/Documents/PGH_BD/DrivenPath/chapter_3/work_3/dbt/logs', 'version_check': 'True', 'profiles_dir': '/Users/mirianahc3gmail.com/Documents/PGH_BD/DrivenPath/chapter_3/work_3/dbt', 'use_colors': 'True', 'use_experimental_parser': 'False', 'empty': 'None', 'quiet': 'False', 'no_print': 'None', 'log_format': 'default', 'introspect': 'True', 'static_parser': 'True', 'invocation_command': 'dbt debug', 'target_path': 'None', 'warn_error_options': 'WarnErrorOptionsV2(error=[], warn=[], silence=[])', 'send_anonymous_usage_stats': 'True'}
[0m04:13:08.401265 [info ] [MainThread]: dbt version: 1.10.3
[0m04:13:08.401469 [info ] [MainThread]: python version: 3.9.6
[0m04:13:08.401622 [info ] [MainThread]: python path: /Library/Developer/CommandLineTools/usr/bin/python3
[0m04:13:08.401767 [info ] [MainThread]: os info: macOS-15.5-arm64-arm-64bit
[0m04:13:08.618497 [info ] [MainThread]: Using profiles dir at /Users/mirianahc3gmail.com/Documents/PGH_BD/DrivenPath/chapter_3/work_3/dbt
[0m04:13:08.618790 [info ] [MainThread]: Using profiles.yml file at /Users/mirianahc3gmail.com/Documents/PGH_BD/DrivenPath/chapter_3/work_3/dbt/profiles.yml
[0m04:13:08.618969 [info ] [MainThread]: Using dbt_project.yml file at /Users/mirianahc3gmail.com/Documents/PGH_BD/DrivenPath/chapter_3/work_3/dbt/dbt_project.yml
[0m04:13:08.619376 [info ] [MainThread]: adapter type: postgres
[0m04:13:08.619542 [info ] [MainThread]: adapter version: 1.9.0
[0m04:13:08.683373 [info ] [MainThread]: Configuration:
[0m04:13:08.683658 [info ] [MainThread]:   profiles.yml file [[32mOK found and valid[0m]
[0m04:13:08.683834 [info ] [MainThread]:   dbt_project.yml file [[32mOK found and valid[0m]
[0m04:13:08.683994 [info ] [MainThread]: Required dependencies:
[0m04:13:08.684208 [debug] [MainThread]: Executing "git --help"
[0m04:13:08.702806 [debug] [MainThread]: STDOUT: "b"usage: git [-v | --version] [-h | --help] [-C <path>] [-c <name>=<value>]\n           [--exec-path[=<path>]] [--html-path] [--man-path] [--info-path]\n           [-p | --paginate | -P | --no-pager] [--no-replace-objects] [--bare]\n           [--git-dir=<path>] [--work-tree=<path>] [--namespace=<name>]\n           [--super-prefix=<path>] [--config-env=<name>=<envvar>]\n           <command> [<args>]\n\nThese are common Git commands used in various situations:\n\nstart a working area (see also: git help tutorial)\n   clone     Clone a repository into a new directory\n   init      Create an empty Git repository or reinitialize an existing one\n\nwork on the current change (see also: git help everyday)\n   add       Add file contents to the index\n   mv        Move or rename a file, a directory, or a symlink\n   restore   Restore working tree files\n   rm        Remove files from the working tree and from the index\n\nexamine the history and state (see also: git help revisions)\n   bisect    Use binary search to find the commit that introduced a bug\n   diff      Show changes between commits, commit and working tree, etc\n   grep      Print lines matching a pattern\n   log       Show commit logs\n   show      Show various types of objects\n   status    Show the working tree status\n\ngrow, mark and tweak your common history\n   branch    List, create, or delete branches\n   commit    Record changes to the repository\n   merge     Join two or more development histories together\n   rebase    Reapply commits on top of another base tip\n   reset     Reset current HEAD to the specified state\n   switch    Switch branches\n   tag       Create, list, delete or verify a tag object signed with GPG\n\ncollaborate (see also: git help workflows)\n   fetch     Download objects and refs from another repository\n   pull      Fetch from and integrate with another repository or a local branch\n   push      Update remote refs along with associated objects\n\n'git help -a' and 'git help -g' list available subcommands and some\nconcept guides. See 'git help <command>' or 'git help <concept>'\nto read about a specific subcommand or concept.\nSee 'git help git' for an overview of the system.\n""
[0m04:13:08.703271 [debug] [MainThread]: STDERR: "b''"
[0m04:13:08.703466 [info ] [MainThread]:  - git [[32mOK found[0m]

[0m04:13:08.703650 [info ] [MainThread]: Connection:
[0m04:13:08.703850 [info ] [MainThread]:   host: localhost
[0m04:13:08.703993 [info ] [MainThread]:   port: 5432
[0m04:13:08.704131 [info ] [MainThread]:   user: airflow
[0m04:13:08.704265 [info ] [MainThread]:   database: airflow
[0m04:13:08.704399 [info ] [MainThread]:   schema: driven
[0m04:13:08.704533 [info ] [MainThread]:   connect_timeout: 10
[0m04:13:08.704666 [info ] [MainThread]:   role: None
[0m04:13:08.704797 [info ] [MainThread]:   search_path: None
[0m04:13:08.704928 [info ] [MainThread]:   keepalives_idle: 0
[0m04:13:08.705059 [info ] [MainThread]:   sslmode: None
[0m04:13:08.705189 [info ] [MainThread]:   sslcert: None
[0m04:13:08.705320 [info ] [MainThread]:   sslkey: None
[0m04:13:08.705450 [info ] [MainThread]:   sslrootcert: None
[0m04:13:08.705580 [info ] [MainThread]:   application_name: dbt
[0m04:13:08.705710 [info ] [MainThread]:   retries: 1
[0m04:13:08.706076 [info ] [MainThread]: Registered adapter: postgres=1.9.0
[0m04:13:08.770868 [debug] [MainThread]: Acquiring new postgres connection 'debug'
[0m04:13:08.808514 [debug] [MainThread]: Using postgres connection "debug"
[0m04:13:08.808744 [debug] [MainThread]: On debug: select 1 as id
[0m04:13:08.808899 [debug] [MainThread]: Opening a new connection, currently in state init
[0m04:13:08.856953 [debug] [MainThread]: SQL status: SELECT 1 in 0.048 seconds
[0m04:13:08.857800 [debug] [MainThread]: On debug: Close
[0m04:13:08.858058 [info ] [MainThread]:   Connection test: [[32mOK connection ok[0m]

[0m04:13:08.858344 [info ] [MainThread]: [32mAll checks passed![0m
[0m04:13:08.867069 [debug] [MainThread]: Resource report: {"command_name": "debug", "command_success": true, "command_wall_clock_time": 0.5255389, "process_in_blocks": "0", "process_kernel_time": 0.185168, "process_mem_max_rss": "118259712", "process_out_blocks": "0", "process_user_time": 1.035553}
[0m04:13:08.867558 [debug] [MainThread]: Command `dbt debug` succeeded at 04:13:08.867481 after 0.53 seconds
[0m04:13:08.867774 [debug] [MainThread]: Connection 'debug' was properly closed.
[0m04:13:08.868006 [debug] [MainThread]: Sending event: {'category': 'dbt', 'action': 'invocation', 'label': 'end', 'context': [<snowplow_tracker.self_describing_json.SelfDescribingJson object at 0x107d78b20>, <snowplow_tracker.self_describing_json.SelfDescribingJson object at 0x120031160>, <snowplow_tracker.self_describing_json.SelfDescribingJson object at 0x121bad970>]}
[0m04:13:08.868272 [debug] [MainThread]: Flushing usage events
[0m04:13:09.476053 [debug] [MainThread]: An error was encountered while trying to flush usage events
[0m11:41:53.524912 [debug] [MainThread]: Sending event: {'category': 'dbt', 'action': 'invocation', 'label': 'start', 'context': [<snowplow_tracker.self_describing_json.SelfDescribingJson object at 0xffff87112080>, <snowplow_tracker.self_describing_json.SelfDescribingJson object at 0xffff84f1ed10>, <snowplow_tracker.self_describing_json.SelfDescribingJson object at 0xffff84f1ecb0>]}


============================== 11:41:53.539517 | 1204dacf-481f-47d0-925f-c1cb1d4a2c66 ==============================
[0m11:41:53.539517 [info ] [MainThread]: Running with dbt=1.8.0
[0m11:41:53.540736 [debug] [MainThread]: running dbt with arguments {'printer_width': '80', 'indirect_selection': 'eager', 'log_cache_events': 'False', 'write_json': 'True', 'partial_parse': 'True', 'cache_selected_only': 'False', 'profiles_dir': '/opt/airflow/dbt', 'fail_fast': 'False', 'debug': 'False', 'log_path': '/opt/airflow/dbt/logs', 'version_check': 'True', 'warn_error': 'None', 'use_colors': 'True', 'use_experimental_parser': 'False', 'no_print': 'None', 'quiet': 'False', 'warn_error_options': 'WarnErrorOptions(include=[], exclude=[])', 'invocation_command': 'dbt run --select tag:staging', 'log_format': 'default', 'introspect': 'True', 'target_path': 'None', 'static_parser': 'True', 'send_anonymous_usage_stats': 'True'}
[0m11:41:53.632406 [debug] [MainThread]: Sending event: {'category': 'dbt', 'action': 'project_id', 'label': '1204dacf-481f-47d0-925f-c1cb1d4a2c66', 'context': [<snowplow_tracker.self_describing_json.SelfDescribingJson object at 0xffff8509e470>]}
[0m11:41:53.658111 [debug] [MainThread]: Sending event: {'category': 'dbt', 'action': 'adapter_info', 'label': '1204dacf-481f-47d0-925f-c1cb1d4a2c66', 'context': [<snowplow_tracker.self_describing_json.SelfDescribingJson object at 0xffff84f5c2b0>]}
[0m11:41:53.658716 [info ] [MainThread]: Registered adapter: postgres=1.8.2
[0m11:41:53.697996 [debug] [MainThread]: checksum: dbb12d416fdb55e3665e4828703bbedf40c5c90ed7ca6ff39bbbfb29b12b0a92, vars: {}, profile: , target: , version: 1.8.0
[0m11:41:53.747481 [info ] [MainThread]: Unable to do partial parsing because of a version mismatch
[0m11:41:53.747985 [debug] [MainThread]: Sending event: {'category': 'dbt', 'action': 'partial_parser', 'label': '1204dacf-481f-47d0-925f-c1cb1d4a2c66', 'context': [<snowplow_tracker.self_describing_json.SelfDescribingJson object at 0xffff85b8ef80>]}
[0m11:41:54.267966 [debug] [MainThread]: Sending event: {'category': 'dbt', 'action': 'load_project', 'label': '1204dacf-481f-47d0-925f-c1cb1d4a2c66', 'context': [<snowplow_tracker.self_describing_json.SelfDescribingJson object at 0xffff83b12ef0>]}
[0m11:41:54.339844 [debug] [MainThread]: Sending event: {'category': 'dbt', 'action': 'resource_counts', 'label': '1204dacf-481f-47d0-925f-c1cb1d4a2c66', 'context': [<snowplow_tracker.self_describing_json.SelfDescribingJson object at 0xffff83bdb9a0>]}
[0m11:41:54.340447 [info ] [MainThread]: Found 9 models, 10 sources, 428 macros
[0m11:41:54.340915 [debug] [MainThread]: Sending event: {'category': 'dbt', 'action': 'runnable_timing', 'label': '1204dacf-481f-47d0-925f-c1cb1d4a2c66', 'context': [<snowplow_tracker.self_describing_json.SelfDescribingJson object at 0xffff83bda620>]}
[0m11:41:54.342008 [info ] [MainThread]: 
[0m11:41:54.342491 [debug] [MainThread]: Acquiring new postgres connection 'master'
[0m11:41:54.345037 [debug] [ThreadPool]: Acquiring new postgres connection 'list_airflow'
[0m11:41:54.370188 [debug] [ThreadPool]: Using postgres connection "list_airflow"
[0m11:41:54.370524 [debug] [ThreadPool]: On list_airflow: /* {"app": "dbt", "dbt_version": "1.8.0", "profile_name": "default", "target_name": "dev", "connection_name": "list_airflow"} */

    select distinct nspname from pg_namespace
  
[0m11:41:54.370863 [debug] [ThreadPool]: Opening a new connection, currently in state init
[0m11:41:54.371690 [debug] [ThreadPool]: Postgres adapter: Got a retryable error when attempting to open a postgres connection.
1 attempts remaining. Retrying in 0 seconds.
Error:
connection to server at "localhost" (::1), port 5432 failed: Connection refused
	Is the server running on that host and accepting TCP/IP connections?
connection to server at "localhost" (127.0.0.1), port 5432 failed: Connection refused
	Is the server running on that host and accepting TCP/IP connections?

[0m11:41:54.372179 [debug] [ThreadPool]: Postgres adapter: Error running SQL: /* {"app": "dbt", "dbt_version": "1.8.0", "profile_name": "default", "target_name": "dev", "connection_name": "list_airflow"} */

    select distinct nspname from pg_namespace
  
[0m11:41:54.372478 [debug] [ThreadPool]: Postgres adapter: Rolling back transaction.
[0m11:41:54.372750 [debug] [ThreadPool]: Postgres adapter: Error running SQL: macro list_schemas
[0m11:41:54.372997 [debug] [ThreadPool]: Postgres adapter: Rolling back transaction.
[0m11:41:54.373261 [debug] [ThreadPool]: On list_airflow: No close available on handle
[0m11:41:54.373702 [debug] [MainThread]: Connection 'master' was properly closed.
[0m11:41:54.373953 [debug] [MainThread]: Connection 'list_airflow' was properly closed.
[0m11:41:54.374222 [info ] [MainThread]: 
[0m11:41:54.374556 [info ] [MainThread]: Finished running  in 0 hours 0 minutes and 0.03 seconds (0.03s).
[0m11:41:54.374944 [error] [MainThread]: Encountered an error:
Database Error
  connection to server at "localhost" (::1), port 5432 failed: Connection refused
  	Is the server running on that host and accepting TCP/IP connections?
  connection to server at "localhost" (127.0.0.1), port 5432 failed: Connection refused
  	Is the server running on that host and accepting TCP/IP connections?
  
[0m11:41:54.375553 [debug] [MainThread]: Resource report: {"command_name": "run", "command_wall_clock_time": 0.8755781, "process_user_time": 1.861683, "process_kernel_time": 0.192173, "process_mem_max_rss": "115716", "process_in_blocks": "280", "process_out_blocks": "4509", "command_success": false}
[0m11:41:54.375951 [debug] [MainThread]: Command `dbt run` failed at 11:41:54.375892 after 0.88 seconds
[0m11:41:54.376258 [debug] [MainThread]: Sending event: {'category': 'dbt', 'action': 'invocation', 'label': 'end', 'context': [<snowplow_tracker.self_describing_json.SelfDescribingJson object at 0xffff87112080>, <snowplow_tracker.self_describing_json.SelfDescribingJson object at 0xffff83bdbdc0>, <snowplow_tracker.self_describing_json.SelfDescribingJson object at 0xffff83e8f460>]}
[0m11:41:54.376565 [debug] [MainThread]: Flushing usage events
[0m11:46:08.402626 [debug] [MainThread]: Sending event: {'category': 'dbt', 'action': 'invocation', 'label': 'start', 'context': [<snowplow_tracker.self_describing_json.SelfDescribingJson object at 0xffff91228e50>, <snowplow_tracker.self_describing_json.SelfDescribingJson object at 0xffff8e93ecb0>, <snowplow_tracker.self_describing_json.SelfDescribingJson object at 0xffff8e93ec50>]}


============================== 11:46:08.414756 | 31c685d4-823b-41b1-ba18-bf8e31765099 ==============================
[0m11:46:08.414756 [info ] [MainThread]: Running with dbt=1.8.0
[0m11:46:08.415379 [debug] [MainThread]: running dbt with arguments {'printer_width': '80', 'indirect_selection': 'eager', 'log_cache_events': 'False', 'write_json': 'True', 'partial_parse': 'True', 'cache_selected_only': 'False', 'profiles_dir': '/opt/airflow/dbt', 'fail_fast': 'False', 'version_check': 'True', 'log_path': '/opt/airflow/dbt/logs', 'debug': 'False', 'warn_error': 'None', 'use_colors': 'True', 'use_experimental_parser': 'False', 'no_print': 'None', 'quiet': 'False', 'log_format': 'default', 'introspect': 'True', 'static_parser': 'True', 'invocation_command': 'dbt run --select tag:staging', 'target_path': 'None', 'warn_error_options': 'WarnErrorOptions(include=[], exclude=[])', 'send_anonymous_usage_stats': 'True'}
[0m11:46:08.501845 [debug] [MainThread]: Sending event: {'category': 'dbt', 'action': 'project_id', 'label': '31c685d4-823b-41b1-ba18-bf8e31765099', 'context': [<snowplow_tracker.self_describing_json.SelfDescribingJson object at 0xffff8eb7c370>]}
[0m11:46:08.533249 [debug] [MainThread]: Sending event: {'category': 'dbt', 'action': 'adapter_info', 'label': '31c685d4-823b-41b1-ba18-bf8e31765099', 'context': [<snowplow_tracker.self_describing_json.SelfDescribingJson object at 0xffff8f7d5b70>]}
[0m11:46:08.534055 [info ] [MainThread]: Registered adapter: postgres=1.8.2
[0m11:46:08.576576 [debug] [MainThread]: checksum: dbb12d416fdb55e3665e4828703bbedf40c5c90ed7ca6ff39bbbfb29b12b0a92, vars: {}, profile: , target: , version: 1.8.0
[0m11:46:08.628680 [info ] [MainThread]: Unable to do partial parsing because profile has changed
[0m11:46:08.629204 [debug] [MainThread]: Sending event: {'category': 'dbt', 'action': 'partial_parser', 'label': '31c685d4-823b-41b1-ba18-bf8e31765099', 'context': [<snowplow_tracker.self_describing_json.SelfDescribingJson object at 0xffff8f79db40>]}
[0m11:46:09.154298 [debug] [MainThread]: Sending event: {'category': 'dbt', 'action': 'load_project', 'label': '31c685d4-823b-41b1-ba18-bf8e31765099', 'context': [<snowplow_tracker.self_describing_json.SelfDescribingJson object at 0xffff8dabf700>]}
[0m11:46:09.210842 [debug] [MainThread]: Sending event: {'category': 'dbt', 'action': 'resource_counts', 'label': '31c685d4-823b-41b1-ba18-bf8e31765099', 'context': [<snowplow_tracker.self_describing_json.SelfDescribingJson object at 0xffff8d53ded0>]}
[0m11:46:09.211255 [info ] [MainThread]: Found 9 models, 10 sources, 428 macros
[0m11:46:09.211655 [debug] [MainThread]: Sending event: {'category': 'dbt', 'action': 'runnable_timing', 'label': '31c685d4-823b-41b1-ba18-bf8e31765099', 'context': [<snowplow_tracker.self_describing_json.SelfDescribingJson object at 0xffff8d53e0b0>]}
[0m11:46:09.212660 [info ] [MainThread]: 
[0m11:46:09.213136 [debug] [MainThread]: Acquiring new postgres connection 'master'
[0m11:46:09.215592 [debug] [ThreadPool]: Acquiring new postgres connection 'list_airflow'
[0m11:46:09.234624 [debug] [ThreadPool]: Using postgres connection "list_airflow"
[0m11:46:09.234962 [debug] [ThreadPool]: On list_airflow: /* {"app": "dbt", "dbt_version": "1.8.0", "profile_name": "default", "target_name": "dev", "connection_name": "list_airflow"} */

    select distinct nspname from pg_namespace
  
[0m11:46:09.235266 [debug] [ThreadPool]: Opening a new connection, currently in state init
[0m11:46:09.238617 [debug] [ThreadPool]: SQL status: SELECT 5 in 0.003 seconds
[0m11:46:09.239454 [debug] [ThreadPool]: On list_airflow: Close
[0m11:46:09.240017 [debug] [ThreadPool]: Re-using an available connection from the pool (formerly list_airflow, now create_airflow_driven_staging)
[0m11:46:09.240643 [debug] [ThreadPool]: Creating schema "database: "airflow"
schema: "driven_staging"
"
[0m11:46:09.243736 [debug] [ThreadPool]: Using postgres connection "create_airflow_driven_staging"
[0m11:46:09.244002 [debug] [ThreadPool]: On create_airflow_driven_staging: BEGIN
[0m11:46:09.244241 [debug] [ThreadPool]: Opening a new connection, currently in state closed
[0m11:46:09.245870 [debug] [ThreadPool]: SQL status: BEGIN in 0.002 seconds
[0m11:46:09.246206 [debug] [ThreadPool]: Using postgres connection "create_airflow_driven_staging"
[0m11:46:09.246488 [debug] [ThreadPool]: On create_airflow_driven_staging: /* {"app": "dbt", "dbt_version": "1.8.0", "profile_name": "default", "target_name": "dev", "connection_name": "create_airflow_driven_staging"} */
create schema if not exists "driven_staging"
[0m11:46:09.247942 [debug] [ThreadPool]: SQL status: CREATE SCHEMA in 0.001 seconds
[0m11:46:09.248469 [debug] [ThreadPool]: On create_airflow_driven_staging: COMMIT
[0m11:46:09.248752 [debug] [ThreadPool]: Using postgres connection "create_airflow_driven_staging"
[0m11:46:09.249071 [debug] [ThreadPool]: On create_airflow_driven_staging: COMMIT
[0m11:46:09.249613 [debug] [ThreadPool]: SQL status: COMMIT in 0.000 seconds
[0m11:46:09.249893 [debug] [ThreadPool]: On create_airflow_driven_staging: Close
[0m11:46:09.250986 [debug] [ThreadPool]: Re-using an available connection from the pool (formerly create_airflow_driven_staging, now list_airflow_driven_staging)
[0m11:46:09.254343 [debug] [ThreadPool]: Using postgres connection "list_airflow_driven_staging"
[0m11:46:09.254622 [debug] [ThreadPool]: On list_airflow_driven_staging: BEGIN
[0m11:46:09.254872 [debug] [ThreadPool]: Opening a new connection, currently in state closed
[0m11:46:09.256533 [debug] [ThreadPool]: SQL status: BEGIN in 0.002 seconds
[0m11:46:09.256792 [debug] [ThreadPool]: Using postgres connection "list_airflow_driven_staging"
[0m11:46:09.257040 [debug] [ThreadPool]: On list_airflow_driven_staging: /* {"app": "dbt", "dbt_version": "1.8.0", "profile_name": "default", "target_name": "dev", "connection_name": "list_airflow_driven_staging"} */
select
      'airflow' as database,
      tablename as name,
      schemaname as schema,
      'table' as type
    from pg_tables
    where schemaname ilike 'driven_staging'
    union all
    select
      'airflow' as database,
      viewname as name,
      schemaname as schema,
      'view' as type
    from pg_views
    where schemaname ilike 'driven_staging'
    union all
    select
      'airflow' as database,
      matviewname as name,
      schemaname as schema,
      'materialized_view' as type
    from pg_matviews
    where schemaname ilike 'driven_staging'
  
[0m11:46:09.259162 [debug] [ThreadPool]: SQL status: SELECT 0 in 0.002 seconds
[0m11:46:09.259820 [debug] [ThreadPool]: On list_airflow_driven_staging: ROLLBACK
[0m11:46:09.260114 [debug] [ThreadPool]: On list_airflow_driven_staging: Close
[0m11:46:09.260490 [debug] [ThreadPool]: Re-using an available connection from the pool (formerly list_airflow_driven_staging, now list_airflow_driven_trusted)
[0m11:46:09.261836 [debug] [ThreadPool]: Using postgres connection "list_airflow_driven_trusted"
[0m11:46:09.262079 [debug] [ThreadPool]: On list_airflow_driven_trusted: BEGIN
[0m11:46:09.262306 [debug] [ThreadPool]: Opening a new connection, currently in state closed
[0m11:46:09.263628 [debug] [ThreadPool]: SQL status: BEGIN in 0.001 seconds
[0m11:46:09.263879 [debug] [ThreadPool]: Using postgres connection "list_airflow_driven_trusted"
[0m11:46:09.264144 [debug] [ThreadPool]: On list_airflow_driven_trusted: /* {"app": "dbt", "dbt_version": "1.8.0", "profile_name": "default", "target_name": "dev", "connection_name": "list_airflow_driven_trusted"} */
select
      'airflow' as database,
      tablename as name,
      schemaname as schema,
      'table' as type
    from pg_tables
    where schemaname ilike 'driven_trusted'
    union all
    select
      'airflow' as database,
      viewname as name,
      schemaname as schema,
      'view' as type
    from pg_views
    where schemaname ilike 'driven_trusted'
    union all
    select
      'airflow' as database,
      matviewname as name,
      schemaname as schema,
      'materialized_view' as type
    from pg_matviews
    where schemaname ilike 'driven_trusted'
  
[0m11:46:09.265473 [debug] [ThreadPool]: SQL status: SELECT 0 in 0.001 seconds
[0m11:46:09.266082 [debug] [ThreadPool]: On list_airflow_driven_trusted: ROLLBACK
[0m11:46:09.266351 [debug] [ThreadPool]: On list_airflow_driven_trusted: Close
[0m11:46:09.269159 [debug] [MainThread]: Using postgres connection "master"
[0m11:46:09.269456 [debug] [MainThread]: On master: BEGIN
[0m11:46:09.269741 [debug] [MainThread]: Opening a new connection, currently in state init
[0m11:46:09.271414 [debug] [MainThread]: SQL status: BEGIN in 0.002 seconds
[0m11:46:09.271705 [debug] [MainThread]: Using postgres connection "master"
[0m11:46:09.272025 [debug] [MainThread]: On master: /* {"app": "dbt", "dbt_version": "1.8.0", "profile_name": "default", "target_name": "dev", "connection_name": "master"} */
with relation as (
        select
            pg_rewrite.ev_class as class,
            pg_rewrite.oid as id
        from pg_rewrite
    ),
    class as (
        select
            oid as id,
            relname as name,
            relnamespace as schema,
            relkind as kind
        from pg_class
    ),
    dependency as (
        select distinct
            pg_depend.objid as id,
            pg_depend.refobjid as ref
        from pg_depend
    ),
    schema as (
        select
            pg_namespace.oid as id,
            pg_namespace.nspname as name
        from pg_namespace
        where nspname != 'information_schema' and nspname not like 'pg\_%'
    ),
    referenced as (
        select
            relation.id AS id,
            referenced_class.name ,
            referenced_class.schema ,
            referenced_class.kind
        from relation
        join class as referenced_class on relation.class=referenced_class.id
        where referenced_class.kind in ('r', 'v', 'm')
    ),
    relationships as (
        select
            referenced.name as referenced_name,
            referenced.schema as referenced_schema_id,
            dependent_class.name as dependent_name,
            dependent_class.schema as dependent_schema_id,
            referenced.kind as kind
        from referenced
        join dependency on referenced.id=dependency.id
        join class as dependent_class on dependency.ref=dependent_class.id
        where
            (referenced.name != dependent_class.name or
             referenced.schema != dependent_class.schema)
    )

    select
        referenced_schema.name as referenced_schema,
        relationships.referenced_name as referenced_name,
        dependent_schema.name as dependent_schema,
        relationships.dependent_name as dependent_name
    from relationships
    join schema as dependent_schema on relationships.dependent_schema_id=dependent_schema.id
    join schema as referenced_schema on relationships.referenced_schema_id=referenced_schema.id
    group by referenced_schema, referenced_name, dependent_schema, dependent_name
    order by referenced_schema, referenced_name, dependent_schema, dependent_name;
[0m11:46:09.274001 [debug] [MainThread]: SQL status: SELECT 0 in 0.002 seconds
[0m11:46:09.274667 [debug] [MainThread]: Sending event: {'category': 'dbt', 'action': 'runnable_timing', 'label': '31c685d4-823b-41b1-ba18-bf8e31765099', 'context': [<snowplow_tracker.self_describing_json.SelfDescribingJson object at 0xffff8da762f0>]}
[0m11:46:09.275028 [debug] [MainThread]: On master: ROLLBACK
[0m11:46:09.275372 [debug] [MainThread]: Using postgres connection "master"
[0m11:46:09.275650 [debug] [MainThread]: On master: BEGIN
[0m11:46:09.276037 [debug] [MainThread]: SQL status: BEGIN in 0.000 seconds
[0m11:46:09.276301 [debug] [MainThread]: On master: COMMIT
[0m11:46:09.276567 [debug] [MainThread]: Using postgres connection "master"
[0m11:46:09.276822 [debug] [MainThread]: On master: COMMIT
[0m11:46:09.277147 [debug] [MainThread]: SQL status: COMMIT in 0.000 seconds
[0m11:46:09.277411 [debug] [MainThread]: On master: Close
[0m11:46:09.277785 [info ] [MainThread]: Concurrency: 1 threads (target='dev')
[0m11:46:09.278220 [info ] [MainThread]: 
[0m11:46:09.282468 [debug] [Thread-1 (]: Began running node model.dbt_driven_data.staging_dim_address
[0m11:46:09.282928 [info ] [Thread-1 (]: 1 of 5 START sql table model driven_staging.dim_address ........................ [RUN]
[0m11:46:09.283344 [debug] [Thread-1 (]: Re-using an available connection from the pool (formerly list_airflow_driven_trusted, now model.dbt_driven_data.staging_dim_address)
[0m11:46:09.283643 [debug] [Thread-1 (]: Began compiling node model.dbt_driven_data.staging_dim_address
[0m11:46:09.288311 [debug] [Thread-1 (]: Writing injected SQL for node "model.dbt_driven_data.staging_dim_address"
[0m11:46:09.289817 [debug] [Thread-1 (]: Began executing node model.dbt_driven_data.staging_dim_address
[0m11:46:09.309993 [debug] [Thread-1 (]: Writing runtime sql for node "model.dbt_driven_data.staging_dim_address"
[0m11:46:09.311808 [debug] [Thread-1 (]: Using postgres connection "model.dbt_driven_data.staging_dim_address"
[0m11:46:09.312128 [debug] [Thread-1 (]: On model.dbt_driven_data.staging_dim_address: BEGIN
[0m11:46:09.312399 [debug] [Thread-1 (]: Opening a new connection, currently in state closed
[0m11:46:09.314804 [debug] [Thread-1 (]: SQL status: BEGIN in 0.002 seconds
[0m11:46:09.315116 [debug] [Thread-1 (]: Using postgres connection "model.dbt_driven_data.staging_dim_address"
[0m11:46:09.315399 [debug] [Thread-1 (]: On model.dbt_driven_data.staging_dim_address: /* {"app": "dbt", "dbt_version": "1.8.0", "profile_name": "default", "target_name": "dev", "node_id": "model.dbt_driven_data.staging_dim_address"} */

  
    

  create  table "airflow"."driven_staging"."dim_address__dbt_tmp"
  
  
    as
  
  (
    

WITH source_data AS (
    SELECT
        unique_id,
        address,
        mac_address,
        ip_address
    FROM
        "airflow"."driven_raw"."raw_batch_data"
)

SELECT
    *
FROM
    source_data
  );
  
[0m11:46:09.317931 [debug] [Thread-1 (]: SQL status: SELECT 814 in 0.002 seconds
[0m11:46:09.321611 [debug] [Thread-1 (]: Using postgres connection "model.dbt_driven_data.staging_dim_address"
[0m11:46:09.321969 [debug] [Thread-1 (]: On model.dbt_driven_data.staging_dim_address: /* {"app": "dbt", "dbt_version": "1.8.0", "profile_name": "default", "target_name": "dev", "node_id": "model.dbt_driven_data.staging_dim_address"} */
alter table "airflow"."driven_staging"."dim_address__dbt_tmp" rename to "dim_address"
[0m11:46:09.322444 [debug] [Thread-1 (]: SQL status: ALTER TABLE in 0.000 seconds
[0m11:46:09.331729 [debug] [Thread-1 (]: On model.dbt_driven_data.staging_dim_address: COMMIT
[0m11:46:09.332066 [debug] [Thread-1 (]: Using postgres connection "model.dbt_driven_data.staging_dim_address"
[0m11:46:09.332358 [debug] [Thread-1 (]: On model.dbt_driven_data.staging_dim_address: COMMIT
[0m11:46:09.333318 [debug] [Thread-1 (]: SQL status: COMMIT in 0.001 seconds
[0m11:46:09.336780 [debug] [Thread-1 (]: Applying DROP to: "airflow"."driven_staging"."dim_address__dbt_backup"
[0m11:46:09.339243 [debug] [Thread-1 (]: Using postgres connection "model.dbt_driven_data.staging_dim_address"
[0m11:46:09.339556 [debug] [Thread-1 (]: On model.dbt_driven_data.staging_dim_address: /* {"app": "dbt", "dbt_version": "1.8.0", "profile_name": "default", "target_name": "dev", "node_id": "model.dbt_driven_data.staging_dim_address"} */
drop table if exists "airflow"."driven_staging"."dim_address__dbt_backup" cascade
[0m11:46:09.339947 [debug] [Thread-1 (]: SQL status: DROP TABLE in 0.000 seconds
[0m11:46:09.341416 [debug] [Thread-1 (]: On model.dbt_driven_data.staging_dim_address: Close
[0m11:46:09.343039 [debug] [Thread-1 (]: Sending event: {'category': 'dbt', 'action': 'run_model', 'label': '31c685d4-823b-41b1-ba18-bf8e31765099', 'context': [<snowplow_tracker.self_describing_json.SelfDescribingJson object at 0xffff90e8ff70>]}
[0m11:46:09.344311 [info ] [Thread-1 (]: 1 of 5 OK created sql table model driven_staging.dim_address ................... [[32mSELECT 814[0m in 0.06s]
[0m11:46:09.345169 [debug] [Thread-1 (]: Finished running node model.dbt_driven_data.staging_dim_address
[0m11:46:09.345779 [debug] [Thread-1 (]: Began running node model.dbt_driven_data.staging_dim_date
[0m11:46:09.346389 [info ] [Thread-1 (]: 2 of 5 START sql table model driven_staging.dim_date ........................... [RUN]
[0m11:46:09.346936 [debug] [Thread-1 (]: Re-using an available connection from the pool (formerly model.dbt_driven_data.staging_dim_address, now model.dbt_driven_data.staging_dim_date)
[0m11:46:09.347322 [debug] [Thread-1 (]: Began compiling node model.dbt_driven_data.staging_dim_date
[0m11:46:09.350092 [debug] [Thread-1 (]: Writing injected SQL for node "model.dbt_driven_data.staging_dim_date"
[0m11:46:09.351265 [debug] [Thread-1 (]: Began executing node model.dbt_driven_data.staging_dim_date
[0m11:46:09.353983 [debug] [Thread-1 (]: Writing runtime sql for node "model.dbt_driven_data.staging_dim_date"
[0m11:46:09.356065 [debug] [Thread-1 (]: Using postgres connection "model.dbt_driven_data.staging_dim_date"
[0m11:46:09.356402 [debug] [Thread-1 (]: On model.dbt_driven_data.staging_dim_date: BEGIN
[0m11:46:09.356694 [debug] [Thread-1 (]: Opening a new connection, currently in state closed
[0m11:46:09.359861 [debug] [Thread-1 (]: SQL status: BEGIN in 0.003 seconds
[0m11:46:09.360291 [debug] [Thread-1 (]: Using postgres connection "model.dbt_driven_data.staging_dim_date"
[0m11:46:09.360652 [debug] [Thread-1 (]: On model.dbt_driven_data.staging_dim_date: /* {"app": "dbt", "dbt_version": "1.8.0", "profile_name": "default", "target_name": "dev", "node_id": "model.dbt_driven_data.staging_dim_date"} */

  
    

  create  table "airflow"."driven_staging"."dim_date__dbt_tmp"
  
  
    as
  
  (
    

WITH source_data AS (
    SELECT
        unique_id,
        accessed_at
    FROM
        "airflow"."driven_raw"."raw_batch_data"
)

SELECT
    *
FROM
    source_data
  );
  
[0m11:46:09.362179 [debug] [Thread-1 (]: SQL status: SELECT 814 in 0.001 seconds
[0m11:46:09.365127 [debug] [Thread-1 (]: Using postgres connection "model.dbt_driven_data.staging_dim_date"
[0m11:46:09.365610 [debug] [Thread-1 (]: On model.dbt_driven_data.staging_dim_date: /* {"app": "dbt", "dbt_version": "1.8.0", "profile_name": "default", "target_name": "dev", "node_id": "model.dbt_driven_data.staging_dim_date"} */
alter table "airflow"."driven_staging"."dim_date__dbt_tmp" rename to "dim_date"
[0m11:46:09.366254 [debug] [Thread-1 (]: SQL status: ALTER TABLE in 0.000 seconds
[0m11:46:09.368065 [debug] [Thread-1 (]: On model.dbt_driven_data.staging_dim_date: COMMIT
[0m11:46:09.368442 [debug] [Thread-1 (]: Using postgres connection "model.dbt_driven_data.staging_dim_date"
[0m11:46:09.368775 [debug] [Thread-1 (]: On model.dbt_driven_data.staging_dim_date: COMMIT
[0m11:46:09.369310 [debug] [Thread-1 (]: SQL status: COMMIT in 0.000 seconds
[0m11:46:09.432804 [debug] [Thread-1 (]: Applying DROP to: "airflow"."driven_staging"."dim_date__dbt_backup"
[0m11:46:09.433597 [debug] [Thread-1 (]: Using postgres connection "model.dbt_driven_data.staging_dim_date"
[0m11:46:09.433999 [debug] [Thread-1 (]: On model.dbt_driven_data.staging_dim_date: /* {"app": "dbt", "dbt_version": "1.8.0", "profile_name": "default", "target_name": "dev", "node_id": "model.dbt_driven_data.staging_dim_date"} */
drop table if exists "airflow"."driven_staging"."dim_date__dbt_backup" cascade
[0m11:46:09.434577 [debug] [Thread-1 (]: SQL status: DROP TABLE in 0.000 seconds
[0m11:46:09.435434 [debug] [Thread-1 (]: On model.dbt_driven_data.staging_dim_date: Close
[0m11:46:09.435895 [debug] [Thread-1 (]: Sending event: {'category': 'dbt', 'action': 'run_model', 'label': '31c685d4-823b-41b1-ba18-bf8e31765099', 'context': [<snowplow_tracker.self_describing_json.SelfDescribingJson object at 0xffff8c181300>]}
[0m11:46:09.437250 [info ] [Thread-1 (]: 2 of 5 OK created sql table model driven_staging.dim_date ...................... [[32mSELECT 814[0m in 0.09s]
[0m11:46:09.437800 [debug] [Thread-1 (]: Finished running node model.dbt_driven_data.staging_dim_date
[0m11:46:09.438126 [debug] [Thread-1 (]: Began running node model.dbt_driven_data.staging_dim_finance
[0m11:46:09.438584 [info ] [Thread-1 (]: 3 of 5 START sql table model driven_staging.dim_finance ........................ [RUN]
[0m11:46:09.439009 [debug] [Thread-1 (]: Re-using an available connection from the pool (formerly model.dbt_driven_data.staging_dim_date, now model.dbt_driven_data.staging_dim_finance)
[0m11:46:09.439358 [debug] [Thread-1 (]: Began compiling node model.dbt_driven_data.staging_dim_finance
[0m11:46:09.441434 [debug] [Thread-1 (]: Writing injected SQL for node "model.dbt_driven_data.staging_dim_finance"
[0m11:46:09.442438 [debug] [Thread-1 (]: Began executing node model.dbt_driven_data.staging_dim_finance
[0m11:46:09.444982 [debug] [Thread-1 (]: Writing runtime sql for node "model.dbt_driven_data.staging_dim_finance"
[0m11:46:09.445900 [debug] [Thread-1 (]: Using postgres connection "model.dbt_driven_data.staging_dim_finance"
[0m11:46:09.446275 [debug] [Thread-1 (]: On model.dbt_driven_data.staging_dim_finance: BEGIN
[0m11:46:09.446572 [debug] [Thread-1 (]: Opening a new connection, currently in state closed
[0m11:46:09.448953 [debug] [Thread-1 (]: SQL status: BEGIN in 0.002 seconds
[0m11:46:09.449299 [debug] [Thread-1 (]: Using postgres connection "model.dbt_driven_data.staging_dim_finance"
[0m11:46:09.449622 [debug] [Thread-1 (]: On model.dbt_driven_data.staging_dim_finance: /* {"app": "dbt", "dbt_version": "1.8.0", "profile_name": "default", "target_name": "dev", "node_id": "model.dbt_driven_data.staging_dim_finance"} */

  
    

  create  table "airflow"."driven_staging"."dim_finance__dbt_tmp"
  
  
    as
  
  (
    

WITH source_data AS (
    SELECT
        unique_id,
        iban
    FROM
        "airflow"."driven_raw"."raw_batch_data"
)

SELECT
    *
FROM
    source_data
  );
  
[0m11:46:09.451195 [debug] [Thread-1 (]: SQL status: SELECT 814 in 0.001 seconds
[0m11:46:09.453026 [debug] [Thread-1 (]: Using postgres connection "model.dbt_driven_data.staging_dim_finance"
[0m11:46:09.453387 [debug] [Thread-1 (]: On model.dbt_driven_data.staging_dim_finance: /* {"app": "dbt", "dbt_version": "1.8.0", "profile_name": "default", "target_name": "dev", "node_id": "model.dbt_driven_data.staging_dim_finance"} */
alter table "airflow"."driven_staging"."dim_finance__dbt_tmp" rename to "dim_finance"
[0m11:46:09.453895 [debug] [Thread-1 (]: SQL status: ALTER TABLE in 0.000 seconds
[0m11:46:09.455056 [debug] [Thread-1 (]: On model.dbt_driven_data.staging_dim_finance: COMMIT
[0m11:46:09.455397 [debug] [Thread-1 (]: Using postgres connection "model.dbt_driven_data.staging_dim_finance"
[0m11:46:09.455756 [debug] [Thread-1 (]: On model.dbt_driven_data.staging_dim_finance: COMMIT
[0m11:46:09.456707 [debug] [Thread-1 (]: SQL status: COMMIT in 0.001 seconds
[0m11:46:09.458238 [debug] [Thread-1 (]: Applying DROP to: "airflow"."driven_staging"."dim_finance__dbt_backup"
[0m11:46:09.458776 [debug] [Thread-1 (]: Using postgres connection "model.dbt_driven_data.staging_dim_finance"
[0m11:46:09.459076 [debug] [Thread-1 (]: On model.dbt_driven_data.staging_dim_finance: /* {"app": "dbt", "dbt_version": "1.8.0", "profile_name": "default", "target_name": "dev", "node_id": "model.dbt_driven_data.staging_dim_finance"} */
drop table if exists "airflow"."driven_staging"."dim_finance__dbt_backup" cascade
[0m11:46:09.459484 [debug] [Thread-1 (]: SQL status: DROP TABLE in 0.000 seconds
[0m11:46:09.460278 [debug] [Thread-1 (]: On model.dbt_driven_data.staging_dim_finance: Close
[0m11:46:09.460718 [debug] [Thread-1 (]: Sending event: {'category': 'dbt', 'action': 'run_model', 'label': '31c685d4-823b-41b1-ba18-bf8e31765099', 'context': [<snowplow_tracker.self_describing_json.SelfDescribingJson object at 0xffff8c1e4580>]}
[0m11:46:09.461198 [info ] [Thread-1 (]: 3 of 5 OK created sql table model driven_staging.dim_finance ................... [[32mSELECT 814[0m in 0.02s]
[0m11:46:09.461693 [debug] [Thread-1 (]: Finished running node model.dbt_driven_data.staging_dim_finance
[0m11:46:09.462021 [debug] [Thread-1 (]: Began running node model.dbt_driven_data.staging_dim_person
[0m11:46:09.462410 [info ] [Thread-1 (]: 4 of 5 START sql table model driven_staging.dim_person ......................... [RUN]
[0m11:46:09.462793 [debug] [Thread-1 (]: Re-using an available connection from the pool (formerly model.dbt_driven_data.staging_dim_finance, now model.dbt_driven_data.staging_dim_person)
[0m11:46:09.463075 [debug] [Thread-1 (]: Began compiling node model.dbt_driven_data.staging_dim_person
[0m11:46:09.465042 [debug] [Thread-1 (]: Writing injected SQL for node "model.dbt_driven_data.staging_dim_person"
[0m11:46:09.465889 [debug] [Thread-1 (]: Began executing node model.dbt_driven_data.staging_dim_person
[0m11:46:09.469056 [debug] [Thread-1 (]: Writing runtime sql for node "model.dbt_driven_data.staging_dim_person"
[0m11:46:09.469869 [debug] [Thread-1 (]: Using postgres connection "model.dbt_driven_data.staging_dim_person"
[0m11:46:09.470185 [debug] [Thread-1 (]: On model.dbt_driven_data.staging_dim_person: BEGIN
[0m11:46:09.470438 [debug] [Thread-1 (]: Opening a new connection, currently in state closed
[0m11:46:09.473884 [debug] [Thread-1 (]: SQL status: BEGIN in 0.003 seconds
[0m11:46:09.475010 [debug] [Thread-1 (]: Using postgres connection "model.dbt_driven_data.staging_dim_person"
[0m11:46:09.475801 [debug] [Thread-1 (]: On model.dbt_driven_data.staging_dim_person: /* {"app": "dbt", "dbt_version": "1.8.0", "profile_name": "default", "target_name": "dev", "node_id": "model.dbt_driven_data.staging_dim_person"} */

  
    

  create  table "airflow"."driven_staging"."dim_person__dbt_tmp"
  
  
    as
  
  (
    

WITH source_data AS (
    SELECT
        unique_id,
        person_name,
        user_name,
        email,
        phone,
        birth_date,
        personal_number
    FROM
        "airflow"."driven_raw"."raw_batch_data"
)

SELECT
    *
FROM
    source_data
  );
  
[0m11:46:09.482172 [debug] [Thread-1 (]: SQL status: SELECT 814 in 0.005 seconds
[0m11:46:09.484914 [debug] [Thread-1 (]: Using postgres connection "model.dbt_driven_data.staging_dim_person"
[0m11:46:09.485298 [debug] [Thread-1 (]: On model.dbt_driven_data.staging_dim_person: /* {"app": "dbt", "dbt_version": "1.8.0", "profile_name": "default", "target_name": "dev", "node_id": "model.dbt_driven_data.staging_dim_person"} */
alter table "airflow"."driven_staging"."dim_person__dbt_tmp" rename to "dim_person"
[0m11:46:09.485826 [debug] [Thread-1 (]: SQL status: ALTER TABLE in 0.000 seconds
[0m11:46:09.486935 [debug] [Thread-1 (]: On model.dbt_driven_data.staging_dim_person: COMMIT
[0m11:46:09.487268 [debug] [Thread-1 (]: Using postgres connection "model.dbt_driven_data.staging_dim_person"
[0m11:46:09.487594 [debug] [Thread-1 (]: On model.dbt_driven_data.staging_dim_person: COMMIT
[0m11:46:09.488588 [debug] [Thread-1 (]: SQL status: COMMIT in 0.001 seconds
[0m11:46:09.490245 [debug] [Thread-1 (]: Applying DROP to: "airflow"."driven_staging"."dim_person__dbt_backup"
[0m11:46:09.490816 [debug] [Thread-1 (]: Using postgres connection "model.dbt_driven_data.staging_dim_person"
[0m11:46:09.491133 [debug] [Thread-1 (]: On model.dbt_driven_data.staging_dim_person: /* {"app": "dbt", "dbt_version": "1.8.0", "profile_name": "default", "target_name": "dev", "node_id": "model.dbt_driven_data.staging_dim_person"} */
drop table if exists "airflow"."driven_staging"."dim_person__dbt_backup" cascade
[0m11:46:09.491548 [debug] [Thread-1 (]: SQL status: DROP TABLE in 0.000 seconds
[0m11:46:09.492400 [debug] [Thread-1 (]: On model.dbt_driven_data.staging_dim_person: Close
[0m11:46:09.492899 [debug] [Thread-1 (]: Sending event: {'category': 'dbt', 'action': 'run_model', 'label': '31c685d4-823b-41b1-ba18-bf8e31765099', 'context': [<snowplow_tracker.self_describing_json.SelfDescribingJson object at 0xffff8daa9c00>]}
[0m11:46:09.493442 [info ] [Thread-1 (]: 4 of 5 OK created sql table model driven_staging.dim_person .................... [[32mSELECT 814[0m in 0.03s]
[0m11:46:09.494116 [debug] [Thread-1 (]: Finished running node model.dbt_driven_data.staging_dim_person
[0m11:46:09.494480 [debug] [Thread-1 (]: Began running node model.dbt_driven_data.staging_fact_network_usage
[0m11:46:09.494901 [info ] [Thread-1 (]: 5 of 5 START sql table model driven_staging.fact_network_usage ................. [RUN]
[0m11:46:09.495324 [debug] [Thread-1 (]: Re-using an available connection from the pool (formerly model.dbt_driven_data.staging_dim_person, now model.dbt_driven_data.staging_fact_network_usage)
[0m11:46:09.495609 [debug] [Thread-1 (]: Began compiling node model.dbt_driven_data.staging_fact_network_usage
[0m11:46:09.497833 [debug] [Thread-1 (]: Writing injected SQL for node "model.dbt_driven_data.staging_fact_network_usage"
[0m11:46:09.499036 [debug] [Thread-1 (]: Began executing node model.dbt_driven_data.staging_fact_network_usage
[0m11:46:09.501601 [debug] [Thread-1 (]: Writing runtime sql for node "model.dbt_driven_data.staging_fact_network_usage"
[0m11:46:09.502413 [debug] [Thread-1 (]: Using postgres connection "model.dbt_driven_data.staging_fact_network_usage"
[0m11:46:09.502724 [debug] [Thread-1 (]: On model.dbt_driven_data.staging_fact_network_usage: BEGIN
[0m11:46:09.503013 [debug] [Thread-1 (]: Opening a new connection, currently in state closed
[0m11:46:09.505339 [debug] [Thread-1 (]: SQL status: BEGIN in 0.002 seconds
[0m11:46:09.505676 [debug] [Thread-1 (]: Using postgres connection "model.dbt_driven_data.staging_fact_network_usage"
[0m11:46:09.505990 [debug] [Thread-1 (]: On model.dbt_driven_data.staging_fact_network_usage: /* {"app": "dbt", "dbt_version": "1.8.0", "profile_name": "default", "target_name": "dev", "node_id": "model.dbt_driven_data.staging_fact_network_usage"} */

  
    

  create  table "airflow"."driven_staging"."fact_network_usage__dbt_tmp"
  
  
    as
  
  (
    

WITH source_data AS (
    SELECT
        unique_id,
        session_duration,
        download_speed,
        upload_speed,
        consumed_traffic
    FROM
        "airflow"."driven_raw"."raw_batch_data"
)

SELECT
    *
FROM
    source_data
  );
  
[0m11:46:09.508128 [debug] [Thread-1 (]: SQL status: SELECT 814 in 0.002 seconds
[0m11:46:09.511190 [debug] [Thread-1 (]: Using postgres connection "model.dbt_driven_data.staging_fact_network_usage"
[0m11:46:09.511510 [debug] [Thread-1 (]: On model.dbt_driven_data.staging_fact_network_usage: /* {"app": "dbt", "dbt_version": "1.8.0", "profile_name": "default", "target_name": "dev", "node_id": "model.dbt_driven_data.staging_fact_network_usage"} */
alter table "airflow"."driven_staging"."fact_network_usage__dbt_tmp" rename to "fact_network_usage"
[0m11:46:09.512011 [debug] [Thread-1 (]: SQL status: ALTER TABLE in 0.000 seconds
[0m11:46:09.513071 [debug] [Thread-1 (]: On model.dbt_driven_data.staging_fact_network_usage: COMMIT
[0m11:46:09.513371 [debug] [Thread-1 (]: Using postgres connection "model.dbt_driven_data.staging_fact_network_usage"
[0m11:46:09.513654 [debug] [Thread-1 (]: On model.dbt_driven_data.staging_fact_network_usage: COMMIT
[0m11:46:09.514668 [debug] [Thread-1 (]: SQL status: COMMIT in 0.001 seconds
[0m11:46:09.516336 [debug] [Thread-1 (]: Applying DROP to: "airflow"."driven_staging"."fact_network_usage__dbt_backup"
[0m11:46:09.516891 [debug] [Thread-1 (]: Using postgres connection "model.dbt_driven_data.staging_fact_network_usage"
[0m11:46:09.517169 [debug] [Thread-1 (]: On model.dbt_driven_data.staging_fact_network_usage: /* {"app": "dbt", "dbt_version": "1.8.0", "profile_name": "default", "target_name": "dev", "node_id": "model.dbt_driven_data.staging_fact_network_usage"} */
drop table if exists "airflow"."driven_staging"."fact_network_usage__dbt_backup" cascade
[0m11:46:09.517565 [debug] [Thread-1 (]: SQL status: DROP TABLE in 0.000 seconds
[0m11:46:09.518352 [debug] [Thread-1 (]: On model.dbt_driven_data.staging_fact_network_usage: Close
[0m11:46:09.518805 [debug] [Thread-1 (]: Sending event: {'category': 'dbt', 'action': 'run_model', 'label': '31c685d4-823b-41b1-ba18-bf8e31765099', 'context': [<snowplow_tracker.self_describing_json.SelfDescribingJson object at 0xffff8da945e0>]}
[0m11:46:09.519311 [info ] [Thread-1 (]: 5 of 5 OK created sql table model driven_staging.fact_network_usage ............ [[32mSELECT 814[0m in 0.02s]
[0m11:46:09.519877 [debug] [Thread-1 (]: Finished running node model.dbt_driven_data.staging_fact_network_usage
[0m11:46:09.520635 [debug] [MainThread]: Using postgres connection "master"
[0m11:46:09.520903 [debug] [MainThread]: On master: BEGIN
[0m11:46:09.521161 [debug] [MainThread]: Opening a new connection, currently in state closed
[0m11:46:09.523015 [debug] [MainThread]: SQL status: BEGIN in 0.002 seconds
[0m11:46:09.523297 [debug] [MainThread]: On master: COMMIT
[0m11:46:09.523567 [debug] [MainThread]: Using postgres connection "master"
[0m11:46:09.523812 [debug] [MainThread]: On master: COMMIT
[0m11:46:09.524132 [debug] [MainThread]: SQL status: COMMIT in 0.000 seconds
[0m11:46:09.524403 [debug] [MainThread]: On master: Close
[0m11:46:09.524873 [debug] [MainThread]: Connection 'master' was properly closed.
[0m11:46:09.525180 [debug] [MainThread]: Connection 'model.dbt_driven_data.staging_fact_network_usage' was properly closed.
[0m11:46:09.525566 [info ] [MainThread]: 
[0m11:46:09.525946 [info ] [MainThread]: Finished running 5 table models in 0 hours 0 minutes and 0.31 seconds (0.31s).
[0m11:46:09.526765 [debug] [MainThread]: Command end result
[0m11:46:09.552052 [info ] [MainThread]: 
[0m11:46:09.552513 [info ] [MainThread]: [32mCompleted successfully[0m
[0m11:46:09.552821 [info ] [MainThread]: 
[0m11:46:09.553177 [info ] [MainThread]: Done. PASS=5 WARN=0 ERROR=0 SKIP=0 TOTAL=5
[0m11:46:09.553849 [debug] [MainThread]: Resource report: {"command_name": "run", "command_success": true, "command_wall_clock_time": 1.1760621, "process_user_time": 2.03843, "process_kernel_time": 0.162952, "process_mem_max_rss": "119824", "process_out_blocks": "5443", "process_in_blocks": "0"}
[0m11:46:09.554227 [debug] [MainThread]: Command `dbt run` succeeded at 11:46:09.554178 after 1.18 seconds
[0m11:46:09.554507 [debug] [MainThread]: Sending event: {'category': 'dbt', 'action': 'invocation', 'label': 'end', 'context': [<snowplow_tracker.self_describing_json.SelfDescribingJson object at 0xffff91228e50>, <snowplow_tracker.self_describing_json.SelfDescribingJson object at 0xffff8e94ebf0>, <snowplow_tracker.self_describing_json.SelfDescribingJson object at 0xffff8e94cca0>]}
[0m11:46:09.554820 [debug] [MainThread]: Flushing usage events
[0m11:46:12.163461 [debug] [MainThread]: Sending event: {'category': 'dbt', 'action': 'invocation', 'label': 'start', 'context': [<snowplow_tracker.self_describing_json.SelfDescribingJson object at 0xffffa6bd8ac0>, <snowplow_tracker.self_describing_json.SelfDescribingJson object at 0xffffa4f36d70>, <snowplow_tracker.self_describing_json.SelfDescribingJson object at 0xffffa4f36d10>]}


============================== 11:46:12.166627 | 1ad6b0e2-19ae-4774-a643-b6ff46cad143 ==============================
[0m11:46:12.166627 [info ] [MainThread]: Running with dbt=1.8.0
[0m11:46:12.167186 [debug] [MainThread]: running dbt with arguments {'printer_width': '80', 'indirect_selection': 'eager', 'log_cache_events': 'False', 'write_json': 'True', 'partial_parse': 'True', 'cache_selected_only': 'False', 'profiles_dir': '/opt/airflow/dbt', 'debug': 'False', 'warn_error': 'None', 'log_path': '/opt/airflow/dbt/logs', 'fail_fast': 'False', 'version_check': 'True', 'use_colors': 'True', 'use_experimental_parser': 'False', 'no_print': 'None', 'quiet': 'False', 'warn_error_options': 'WarnErrorOptions(include=[], exclude=[])', 'introspect': 'True', 'log_format': 'default', 'static_parser': 'True', 'target_path': 'None', 'invocation_command': 'dbt run --select tag:trusted', 'send_anonymous_usage_stats': 'True'}
[0m11:46:12.245255 [debug] [MainThread]: Sending event: {'category': 'dbt', 'action': 'project_id', 'label': '1ad6b0e2-19ae-4774-a643-b6ff46cad143', 'context': [<snowplow_tracker.self_describing_json.SelfDescribingJson object at 0xffffa6c03160>]}
[0m11:46:12.269657 [debug] [MainThread]: Sending event: {'category': 'dbt', 'action': 'adapter_info', 'label': '1ad6b0e2-19ae-4774-a643-b6ff46cad143', 'context': [<snowplow_tracker.self_describing_json.SelfDescribingJson object at 0xffffa50d8400>]}
[0m11:46:12.270184 [info ] [MainThread]: Registered adapter: postgres=1.8.2
[0m11:46:12.307432 [debug] [MainThread]: checksum: dbb12d416fdb55e3665e4828703bbedf40c5c90ed7ca6ff39bbbfb29b12b0a92, vars: {}, profile: , target: , version: 1.8.0
[0m11:46:12.368738 [debug] [MainThread]: Partial parsing enabled: 0 files deleted, 0 files added, 0 files changed.
[0m11:46:12.369114 [debug] [MainThread]: Partial parsing enabled, no changes found, skipping parsing
[0m11:46:12.391021 [debug] [MainThread]: Sending event: {'category': 'dbt', 'action': 'load_project', 'label': '1ad6b0e2-19ae-4774-a643-b6ff46cad143', 'context': [<snowplow_tracker.self_describing_json.SelfDescribingJson object at 0xffffa4f379a0>]}
[0m11:46:12.453093 [debug] [MainThread]: Sending event: {'category': 'dbt', 'action': 'resource_counts', 'label': '1ad6b0e2-19ae-4774-a643-b6ff46cad143', 'context': [<snowplow_tracker.self_describing_json.SelfDescribingJson object at 0xffffa4274250>]}
[0m11:46:12.453551 [info ] [MainThread]: Found 9 models, 10 sources, 428 macros
[0m11:46:12.453925 [debug] [MainThread]: Sending event: {'category': 'dbt', 'action': 'runnable_timing', 'label': '1ad6b0e2-19ae-4774-a643-b6ff46cad143', 'context': [<snowplow_tracker.self_describing_json.SelfDescribingJson object at 0xffffa4276d10>]}
[0m11:46:12.454917 [info ] [MainThread]: 
[0m11:46:12.455445 [debug] [MainThread]: Acquiring new postgres connection 'master'
[0m11:46:12.457894 [debug] [ThreadPool]: Acquiring new postgres connection 'list_airflow'
[0m11:46:12.475445 [debug] [ThreadPool]: Using postgres connection "list_airflow"
[0m11:46:12.475828 [debug] [ThreadPool]: On list_airflow: /* {"app": "dbt", "dbt_version": "1.8.0", "profile_name": "default", "target_name": "dev", "connection_name": "list_airflow"} */

    select distinct nspname from pg_namespace
  
[0m11:46:12.476171 [debug] [ThreadPool]: Opening a new connection, currently in state init
[0m11:46:12.479018 [debug] [ThreadPool]: SQL status: SELECT 6 in 0.003 seconds
[0m11:46:12.479767 [debug] [ThreadPool]: On list_airflow: Close
[0m11:46:12.480302 [debug] [ThreadPool]: Re-using an available connection from the pool (formerly list_airflow, now create_airflow_driven_trusted)
[0m11:46:12.480710 [debug] [ThreadPool]: Creating schema "database: "airflow"
schema: "driven_trusted"
"
[0m11:46:12.483840 [debug] [ThreadPool]: Using postgres connection "create_airflow_driven_trusted"
[0m11:46:12.484180 [debug] [ThreadPool]: On create_airflow_driven_trusted: BEGIN
[0m11:46:12.484485 [debug] [ThreadPool]: Opening a new connection, currently in state closed
[0m11:46:12.486237 [debug] [ThreadPool]: SQL status: BEGIN in 0.002 seconds
[0m11:46:12.486526 [debug] [ThreadPool]: Using postgres connection "create_airflow_driven_trusted"
[0m11:46:12.486811 [debug] [ThreadPool]: On create_airflow_driven_trusted: /* {"app": "dbt", "dbt_version": "1.8.0", "profile_name": "default", "target_name": "dev", "connection_name": "create_airflow_driven_trusted"} */
create schema if not exists "driven_trusted"
[0m11:46:12.487289 [debug] [ThreadPool]: SQL status: CREATE SCHEMA in 0.000 seconds
[0m11:46:12.487837 [debug] [ThreadPool]: On create_airflow_driven_trusted: COMMIT
[0m11:46:12.488124 [debug] [ThreadPool]: Using postgres connection "create_airflow_driven_trusted"
[0m11:46:12.488390 [debug] [ThreadPool]: On create_airflow_driven_trusted: COMMIT
[0m11:46:12.488954 [debug] [ThreadPool]: SQL status: COMMIT in 0.000 seconds
[0m11:46:12.489210 [debug] [ThreadPool]: On create_airflow_driven_trusted: Close
[0m11:46:12.490198 [debug] [ThreadPool]: Re-using an available connection from the pool (formerly create_airflow_driven_trusted, now list_airflow_driven_staging)
[0m11:46:12.493344 [debug] [ThreadPool]: Using postgres connection "list_airflow_driven_staging"
[0m11:46:12.493616 [debug] [ThreadPool]: On list_airflow_driven_staging: BEGIN
[0m11:46:12.493857 [debug] [ThreadPool]: Opening a new connection, currently in state closed
[0m11:46:12.495269 [debug] [ThreadPool]: SQL status: BEGIN in 0.001 seconds
[0m11:46:12.495544 [debug] [ThreadPool]: Using postgres connection "list_airflow_driven_staging"
[0m11:46:12.495803 [debug] [ThreadPool]: On list_airflow_driven_staging: /* {"app": "dbt", "dbt_version": "1.8.0", "profile_name": "default", "target_name": "dev", "connection_name": "list_airflow_driven_staging"} */
select
      'airflow' as database,
      tablename as name,
      schemaname as schema,
      'table' as type
    from pg_tables
    where schemaname ilike 'driven_staging'
    union all
    select
      'airflow' as database,
      viewname as name,
      schemaname as schema,
      'view' as type
    from pg_views
    where schemaname ilike 'driven_staging'
    union all
    select
      'airflow' as database,
      matviewname as name,
      schemaname as schema,
      'materialized_view' as type
    from pg_matviews
    where schemaname ilike 'driven_staging'
  
[0m11:46:12.497245 [debug] [ThreadPool]: SQL status: SELECT 5 in 0.001 seconds
[0m11:46:12.498010 [debug] [ThreadPool]: On list_airflow_driven_staging: ROLLBACK
[0m11:46:12.498387 [debug] [ThreadPool]: On list_airflow_driven_staging: Close
[0m11:46:12.498785 [debug] [ThreadPool]: Re-using an available connection from the pool (formerly list_airflow_driven_staging, now list_airflow_driven_trusted)
[0m11:46:12.501015 [debug] [ThreadPool]: Using postgres connection "list_airflow_driven_trusted"
[0m11:46:12.501329 [debug] [ThreadPool]: On list_airflow_driven_trusted: BEGIN
[0m11:46:12.501583 [debug] [ThreadPool]: Opening a new connection, currently in state closed
[0m11:46:12.503193 [debug] [ThreadPool]: SQL status: BEGIN in 0.002 seconds
[0m11:46:12.503495 [debug] [ThreadPool]: Using postgres connection "list_airflow_driven_trusted"
[0m11:46:12.503758 [debug] [ThreadPool]: On list_airflow_driven_trusted: /* {"app": "dbt", "dbt_version": "1.8.0", "profile_name": "default", "target_name": "dev", "connection_name": "list_airflow_driven_trusted"} */
select
      'airflow' as database,
      tablename as name,
      schemaname as schema,
      'table' as type
    from pg_tables
    where schemaname ilike 'driven_trusted'
    union all
    select
      'airflow' as database,
      viewname as name,
      schemaname as schema,
      'view' as type
    from pg_views
    where schemaname ilike 'driven_trusted'
    union all
    select
      'airflow' as database,
      matviewname as name,
      schemaname as schema,
      'materialized_view' as type
    from pg_matviews
    where schemaname ilike 'driven_trusted'
  
[0m11:46:12.505027 [debug] [ThreadPool]: SQL status: SELECT 0 in 0.001 seconds
[0m11:46:12.505696 [debug] [ThreadPool]: On list_airflow_driven_trusted: ROLLBACK
[0m11:46:12.506031 [debug] [ThreadPool]: On list_airflow_driven_trusted: Close
[0m11:46:12.534942 [debug] [MainThread]: Using postgres connection "master"
[0m11:46:12.535426 [debug] [MainThread]: On master: BEGIN
[0m11:46:12.535740 [debug] [MainThread]: Opening a new connection, currently in state init
[0m11:46:12.538161 [debug] [MainThread]: SQL status: BEGIN in 0.002 seconds
[0m11:46:12.538558 [debug] [MainThread]: Using postgres connection "master"
[0m11:46:12.538914 [debug] [MainThread]: On master: /* {"app": "dbt", "dbt_version": "1.8.0", "profile_name": "default", "target_name": "dev", "connection_name": "master"} */
with relation as (
        select
            pg_rewrite.ev_class as class,
            pg_rewrite.oid as id
        from pg_rewrite
    ),
    class as (
        select
            oid as id,
            relname as name,
            relnamespace as schema,
            relkind as kind
        from pg_class
    ),
    dependency as (
        select distinct
            pg_depend.objid as id,
            pg_depend.refobjid as ref
        from pg_depend
    ),
    schema as (
        select
            pg_namespace.oid as id,
            pg_namespace.nspname as name
        from pg_namespace
        where nspname != 'information_schema' and nspname not like 'pg\_%'
    ),
    referenced as (
        select
            relation.id AS id,
            referenced_class.name ,
            referenced_class.schema ,
            referenced_class.kind
        from relation
        join class as referenced_class on relation.class=referenced_class.id
        where referenced_class.kind in ('r', 'v', 'm')
    ),
    relationships as (
        select
            referenced.name as referenced_name,
            referenced.schema as referenced_schema_id,
            dependent_class.name as dependent_name,
            dependent_class.schema as dependent_schema_id,
            referenced.kind as kind
        from referenced
        join dependency on referenced.id=dependency.id
        join class as dependent_class on dependency.ref=dependent_class.id
        where
            (referenced.name != dependent_class.name or
             referenced.schema != dependent_class.schema)
    )

    select
        referenced_schema.name as referenced_schema,
        relationships.referenced_name as referenced_name,
        dependent_schema.name as dependent_schema,
        relationships.dependent_name as dependent_name
    from relationships
    join schema as dependent_schema on relationships.dependent_schema_id=dependent_schema.id
    join schema as referenced_schema on relationships.referenced_schema_id=referenced_schema.id
    group by referenced_schema, referenced_name, dependent_schema, dependent_name
    order by referenced_schema, referenced_name, dependent_schema, dependent_name;
[0m11:46:12.540813 [debug] [MainThread]: SQL status: SELECT 0 in 0.001 seconds
[0m11:46:12.541636 [debug] [MainThread]: Sending event: {'category': 'dbt', 'action': 'runnable_timing', 'label': '1ad6b0e2-19ae-4774-a643-b6ff46cad143', 'context': [<snowplow_tracker.self_describing_json.SelfDescribingJson object at 0xffffa3497730>]}
[0m11:46:12.542059 [debug] [MainThread]: On master: ROLLBACK
[0m11:46:12.542472 [debug] [MainThread]: Using postgres connection "master"
[0m11:46:12.542805 [debug] [MainThread]: On master: BEGIN
[0m11:46:12.543281 [debug] [MainThread]: SQL status: BEGIN in 0.000 seconds
[0m11:46:12.543579 [debug] [MainThread]: On master: COMMIT
[0m11:46:12.543906 [debug] [MainThread]: Using postgres connection "master"
[0m11:46:12.544202 [debug] [MainThread]: On master: COMMIT
[0m11:46:12.544579 [debug] [MainThread]: SQL status: COMMIT in 0.000 seconds
[0m11:46:12.544889 [debug] [MainThread]: On master: Close
[0m11:46:12.545312 [info ] [MainThread]: Concurrency: 1 threads (target='dev')
[0m11:46:12.545729 [info ] [MainThread]: 
[0m11:46:12.550575 [debug] [Thread-1 (]: Began running node model.dbt_driven_data.trusted_non_pii_data
[0m11:46:12.551071 [info ] [Thread-1 (]: 1 of 4 START sql table model driven_trusted.non_pii_data ....................... [RUN]
[0m11:46:12.551534 [debug] [Thread-1 (]: Re-using an available connection from the pool (formerly list_airflow_driven_trusted, now model.dbt_driven_data.trusted_non_pii_data)
[0m11:46:12.551904 [debug] [Thread-1 (]: Began compiling node model.dbt_driven_data.trusted_non_pii_data
[0m11:46:12.557713 [debug] [Thread-1 (]: Writing injected SQL for node "model.dbt_driven_data.trusted_non_pii_data"
[0m11:46:12.560031 [debug] [Thread-1 (]: Began executing node model.dbt_driven_data.trusted_non_pii_data
[0m11:46:12.585369 [debug] [Thread-1 (]: Writing runtime sql for node "model.dbt_driven_data.trusted_non_pii_data"
[0m11:46:12.586882 [debug] [Thread-1 (]: Using postgres connection "model.dbt_driven_data.trusted_non_pii_data"
[0m11:46:12.587520 [debug] [Thread-1 (]: On model.dbt_driven_data.trusted_non_pii_data: BEGIN
[0m11:46:12.588074 [debug] [Thread-1 (]: Opening a new connection, currently in state closed
[0m11:46:12.590393 [debug] [Thread-1 (]: SQL status: BEGIN in 0.002 seconds
[0m11:46:12.590757 [debug] [Thread-1 (]: Using postgres connection "model.dbt_driven_data.trusted_non_pii_data"
[0m11:46:12.591275 [debug] [Thread-1 (]: On model.dbt_driven_data.trusted_non_pii_data: /* {"app": "dbt", "dbt_version": "1.8.0", "profile_name": "default", "target_name": "dev", "node_id": "model.dbt_driven_data.trusted_non_pii_data"} */

  
    

  create  table "airflow"."driven_trusted"."non_pii_data__dbt_tmp"
  
  
    as
  
  (
    

WITH source_data AS (
    SELECT
        '***MASKED***' AS person_name,
        SUBSTRING(dp.user_name, 1, 5) || '*****'  user_name,
        SUBSTRING(dp.email, 1, 5) || '*****' AS email,
        '***MASKED***'  AS personal_number, 
        '***MASKED***' AS birth_date, 
        '***MASKED***' AS address,
        '***MASKED***'  AS phone, 
        SUBSTRING(da.mac_address, 1, 5) || '*****' AS mac_address,
        SUBSTRING(da.ip_address, 1, 5) || '*****' AS ip_address,
        SUBSTRING(df.iban, 1, 5) || '*****' AS iban,
        dd.accessed_at,
        fnu.session_duration,
        fnu.download_speed,
        fnu.upload_speed,
        fnu.consumed_traffic,
        fnu.unique_id
    FROM
        "airflow"."driven_staging"."fact_network_usage" fnu
    INNER JOIN
        "airflow"."driven_staging"."dim_address" da ON fnu.unique_id = da.unique_id
    INNER JOIN
        "airflow"."driven_staging"."dim_date" dd ON da.unique_id = dd.unique_id
    INNER JOIN
        "airflow"."driven_staging"."dim_finance" df ON dd.unique_id = df.unique_id
    INNER JOIN
        "airflow"."driven_staging"."dim_person" dp ON df.unique_id = dp.unique_id
)

SELECT
    *
FROM
    source_data
  );
  
[0m11:46:12.597670 [debug] [Thread-1 (]: SQL status: SELECT 814 in 0.006 seconds
[0m11:46:12.601511 [debug] [Thread-1 (]: Using postgres connection "model.dbt_driven_data.trusted_non_pii_data"
[0m11:46:12.601847 [debug] [Thread-1 (]: On model.dbt_driven_data.trusted_non_pii_data: /* {"app": "dbt", "dbt_version": "1.8.0", "profile_name": "default", "target_name": "dev", "node_id": "model.dbt_driven_data.trusted_non_pii_data"} */
alter table "airflow"."driven_trusted"."non_pii_data__dbt_tmp" rename to "non_pii_data"
[0m11:46:12.602516 [debug] [Thread-1 (]: SQL status: ALTER TABLE in 0.000 seconds
[0m11:46:12.614033 [debug] [Thread-1 (]: On model.dbt_driven_data.trusted_non_pii_data: COMMIT
[0m11:46:12.616055 [debug] [Thread-1 (]: Using postgres connection "model.dbt_driven_data.trusted_non_pii_data"
[0m11:46:12.616450 [debug] [Thread-1 (]: On model.dbt_driven_data.trusted_non_pii_data: COMMIT
[0m11:46:12.618579 [debug] [Thread-1 (]: SQL status: COMMIT in 0.002 seconds
[0m11:46:12.622383 [debug] [Thread-1 (]: Applying DROP to: "airflow"."driven_trusted"."non_pii_data__dbt_backup"
[0m11:46:12.625009 [debug] [Thread-1 (]: Using postgres connection "model.dbt_driven_data.trusted_non_pii_data"
[0m11:46:12.625440 [debug] [Thread-1 (]: On model.dbt_driven_data.trusted_non_pii_data: /* {"app": "dbt", "dbt_version": "1.8.0", "profile_name": "default", "target_name": "dev", "node_id": "model.dbt_driven_data.trusted_non_pii_data"} */
drop table if exists "airflow"."driven_trusted"."non_pii_data__dbt_backup" cascade
[0m11:46:12.626014 [debug] [Thread-1 (]: SQL status: DROP TABLE in 0.000 seconds
[0m11:46:12.627771 [debug] [Thread-1 (]: On model.dbt_driven_data.trusted_non_pii_data: Close
[0m11:46:12.628858 [debug] [Thread-1 (]: Sending event: {'category': 'dbt', 'action': 'run_model', 'label': '1ad6b0e2-19ae-4774-a643-b6ff46cad143', 'context': [<snowplow_tracker.self_describing_json.SelfDescribingJson object at 0xffffa5e45810>]}
[0m11:46:12.629658 [info ] [Thread-1 (]: 1 of 4 OK created sql table model driven_trusted.non_pii_data .................. [[32mSELECT 814[0m in 0.08s]
[0m11:46:12.630250 [debug] [Thread-1 (]: Finished running node model.dbt_driven_data.trusted_non_pii_data
[0m11:46:12.630660 [debug] [Thread-1 (]: Began running node model.dbt_driven_data.trusted_payment_data
[0m11:46:12.631138 [info ] [Thread-1 (]: 2 of 4 START sql table model driven_trusted.payment_data ....................... [RUN]
[0m11:46:12.631630 [debug] [Thread-1 (]: Re-using an available connection from the pool (formerly model.dbt_driven_data.trusted_non_pii_data, now model.dbt_driven_data.trusted_payment_data)
[0m11:46:12.631959 [debug] [Thread-1 (]: Began compiling node model.dbt_driven_data.trusted_payment_data
[0m11:46:12.634243 [debug] [Thread-1 (]: Writing injected SQL for node "model.dbt_driven_data.trusted_payment_data"
[0m11:46:12.635238 [debug] [Thread-1 (]: Began executing node model.dbt_driven_data.trusted_payment_data
[0m11:46:12.638522 [debug] [Thread-1 (]: Writing runtime sql for node "model.dbt_driven_data.trusted_payment_data"
[0m11:46:12.639482 [debug] [Thread-1 (]: Using postgres connection "model.dbt_driven_data.trusted_payment_data"
[0m11:46:12.639782 [debug] [Thread-1 (]: On model.dbt_driven_data.trusted_payment_data: BEGIN
[0m11:46:12.640088 [debug] [Thread-1 (]: Opening a new connection, currently in state closed
[0m11:46:12.642317 [debug] [Thread-1 (]: SQL status: BEGIN in 0.002 seconds
[0m11:46:12.642689 [debug] [Thread-1 (]: Using postgres connection "model.dbt_driven_data.trusted_payment_data"
[0m11:46:12.643026 [debug] [Thread-1 (]: On model.dbt_driven_data.trusted_payment_data: /* {"app": "dbt", "dbt_version": "1.8.0", "profile_name": "default", "target_name": "dev", "node_id": "model.dbt_driven_data.trusted_payment_data"} */

  
    

  create  table "airflow"."driven_trusted"."payment_data__dbt_tmp"
  
  
    as
  
  (
    

WITH source_data AS (
    SELECT
        fnu.unique_id,
        df.iban,
        fnu.download_speed,
        fnu.upload_speed,
        fnu.session_duration,
        fnu.consumed_traffic,
        ((fnu.download_speed + fnu.upload_speed + 1)/2) + (fnu.consumed_traffic / (fnu.session_duration + 1)) AS payment_amount
    FROM
        "airflow"."driven_staging"."fact_network_usage" fnu
    JOIN
        "airflow"."driven_staging"."dim_finance" df
    ON
	    fnu.unique_id = df.unique_id
)

SELECT
    *
FROM
    source_data
  );
  
[0m11:46:12.645687 [debug] [Thread-1 (]: SQL status: SELECT 814 in 0.002 seconds
[0m11:46:12.647731 [debug] [Thread-1 (]: Using postgres connection "model.dbt_driven_data.trusted_payment_data"
[0m11:46:12.648041 [debug] [Thread-1 (]: On model.dbt_driven_data.trusted_payment_data: /* {"app": "dbt", "dbt_version": "1.8.0", "profile_name": "default", "target_name": "dev", "node_id": "model.dbt_driven_data.trusted_payment_data"} */
alter table "airflow"."driven_trusted"."payment_data__dbt_tmp" rename to "payment_data"
[0m11:46:12.648487 [debug] [Thread-1 (]: SQL status: ALTER TABLE in 0.000 seconds
[0m11:46:12.649513 [debug] [Thread-1 (]: On model.dbt_driven_data.trusted_payment_data: COMMIT
[0m11:46:12.649797 [debug] [Thread-1 (]: Using postgres connection "model.dbt_driven_data.trusted_payment_data"
[0m11:46:12.650057 [debug] [Thread-1 (]: On model.dbt_driven_data.trusted_payment_data: COMMIT
[0m11:46:12.651221 [debug] [Thread-1 (]: SQL status: COMMIT in 0.001 seconds
[0m11:46:12.652764 [debug] [Thread-1 (]: Applying DROP to: "airflow"."driven_trusted"."payment_data__dbt_backup"
[0m11:46:12.653317 [debug] [Thread-1 (]: Using postgres connection "model.dbt_driven_data.trusted_payment_data"
[0m11:46:12.653608 [debug] [Thread-1 (]: On model.dbt_driven_data.trusted_payment_data: /* {"app": "dbt", "dbt_version": "1.8.0", "profile_name": "default", "target_name": "dev", "node_id": "model.dbt_driven_data.trusted_payment_data"} */
drop table if exists "airflow"."driven_trusted"."payment_data__dbt_backup" cascade
[0m11:46:12.653976 [debug] [Thread-1 (]: SQL status: DROP TABLE in 0.000 seconds
[0m11:46:12.654737 [debug] [Thread-1 (]: On model.dbt_driven_data.trusted_payment_data: Close
[0m11:46:12.655188 [debug] [Thread-1 (]: Sending event: {'category': 'dbt', 'action': 'run_model', 'label': '1ad6b0e2-19ae-4774-a643-b6ff46cad143', 'context': [<snowplow_tracker.self_describing_json.SelfDescribingJson object at 0xffffa511b190>]}
[0m11:46:12.655675 [info ] [Thread-1 (]: 2 of 4 OK created sql table model driven_trusted.payment_data .................. [[32mSELECT 814[0m in 0.02s]
[0m11:46:12.656205 [debug] [Thread-1 (]: Finished running node model.dbt_driven_data.trusted_payment_data
[0m11:46:12.656544 [debug] [Thread-1 (]: Began running node model.dbt_driven_data.trusted_pii_data
[0m11:46:12.656930 [info ] [Thread-1 (]: 3 of 4 START sql table model driven_trusted.pii_data ........................... [RUN]
[0m11:46:12.657288 [debug] [Thread-1 (]: Re-using an available connection from the pool (formerly model.dbt_driven_data.trusted_payment_data, now model.dbt_driven_data.trusted_pii_data)
[0m11:46:12.657567 [debug] [Thread-1 (]: Began compiling node model.dbt_driven_data.trusted_pii_data
[0m11:46:12.660099 [debug] [Thread-1 (]: Writing injected SQL for node "model.dbt_driven_data.trusted_pii_data"
[0m11:46:12.660845 [debug] [Thread-1 (]: Began executing node model.dbt_driven_data.trusted_pii_data
[0m11:46:12.664126 [debug] [Thread-1 (]: Writing runtime sql for node "model.dbt_driven_data.trusted_pii_data"
[0m11:46:12.665146 [debug] [Thread-1 (]: Using postgres connection "model.dbt_driven_data.trusted_pii_data"
[0m11:46:12.676508 [debug] [Thread-1 (]: On model.dbt_driven_data.trusted_pii_data: BEGIN
[0m11:46:12.677327 [debug] [Thread-1 (]: Opening a new connection, currently in state closed
[0m11:46:12.679939 [debug] [Thread-1 (]: SQL status: BEGIN in 0.003 seconds
[0m11:46:12.680323 [debug] [Thread-1 (]: Using postgres connection "model.dbt_driven_data.trusted_pii_data"
[0m11:46:12.680722 [debug] [Thread-1 (]: On model.dbt_driven_data.trusted_pii_data: /* {"app": "dbt", "dbt_version": "1.8.0", "profile_name": "default", "target_name": "dev", "node_id": "model.dbt_driven_data.trusted_pii_data"} */

  
    

  create  table "airflow"."driven_trusted"."pii_data__dbt_tmp"
  
  
    as
  
  (
    

WITH source_data AS (
    SELECT
        dp.person_name,
        dp.user_name,
        dp.email,
        dp.personal_number, 
        dp.birth_date, 
        da.address,
        dp.phone, 
        da.mac_address,
        da.ip_address,
        df.iban,
        dd.accessed_at,
        fnu.session_duration,
        fnu.download_speed,
        fnu.upload_speed,
        fnu.consumed_traffic,
        fnu.unique_id
    FROM
        "airflow"."driven_staging"."fact_network_usage" fnu
    INNER JOIN
        "airflow"."driven_staging"."dim_address" da ON fnu.unique_id = da.unique_id
    INNER JOIN
        "airflow"."driven_staging"."dim_date" dd ON da.unique_id = dd.unique_id
    INNER JOIN
        "airflow"."driven_staging"."dim_finance" df ON dd.unique_id = df.unique_id
    INNER JOIN
        "airflow"."driven_staging"."dim_person" dp ON df.unique_id = dp.unique_id
)

SELECT
    *
FROM
    source_data
  );
  
[0m11:46:12.686158 [debug] [Thread-1 (]: SQL status: SELECT 814 in 0.005 seconds
[0m11:46:12.688378 [debug] [Thread-1 (]: Using postgres connection "model.dbt_driven_data.trusted_pii_data"
[0m11:46:12.688714 [debug] [Thread-1 (]: On model.dbt_driven_data.trusted_pii_data: /* {"app": "dbt", "dbt_version": "1.8.0", "profile_name": "default", "target_name": "dev", "node_id": "model.dbt_driven_data.trusted_pii_data"} */
alter table "airflow"."driven_trusted"."pii_data__dbt_tmp" rename to "pii_data"
[0m11:46:12.689462 [debug] [Thread-1 (]: SQL status: ALTER TABLE in 0.000 seconds
[0m11:46:12.690992 [debug] [Thread-1 (]: On model.dbt_driven_data.trusted_pii_data: COMMIT
[0m11:46:12.691467 [debug] [Thread-1 (]: Using postgres connection "model.dbt_driven_data.trusted_pii_data"
[0m11:46:12.691919 [debug] [Thread-1 (]: On model.dbt_driven_data.trusted_pii_data: COMMIT
[0m11:46:12.693352 [debug] [Thread-1 (]: SQL status: COMMIT in 0.001 seconds
[0m11:46:12.695178 [debug] [Thread-1 (]: Applying DROP to: "airflow"."driven_trusted"."pii_data__dbt_backup"
[0m11:46:12.697065 [debug] [Thread-1 (]: Using postgres connection "model.dbt_driven_data.trusted_pii_data"
[0m11:46:12.698065 [debug] [Thread-1 (]: On model.dbt_driven_data.trusted_pii_data: /* {"app": "dbt", "dbt_version": "1.8.0", "profile_name": "default", "target_name": "dev", "node_id": "model.dbt_driven_data.trusted_pii_data"} */
drop table if exists "airflow"."driven_trusted"."pii_data__dbt_backup" cascade
[0m11:46:12.698594 [debug] [Thread-1 (]: SQL status: DROP TABLE in 0.000 seconds
[0m11:46:12.699568 [debug] [Thread-1 (]: On model.dbt_driven_data.trusted_pii_data: Close
[0m11:46:12.700261 [debug] [Thread-1 (]: Sending event: {'category': 'dbt', 'action': 'run_model', 'label': '1ad6b0e2-19ae-4774-a643-b6ff46cad143', 'context': [<snowplow_tracker.self_describing_json.SelfDescribingJson object at 0xffffa511ad10>]}
[0m11:46:12.700778 [info ] [Thread-1 (]: 3 of 4 OK created sql table model driven_trusted.pii_data ...................... [[32mSELECT 814[0m in 0.04s]
[0m11:46:12.701342 [debug] [Thread-1 (]: Finished running node model.dbt_driven_data.trusted_pii_data
[0m11:46:12.701721 [debug] [Thread-1 (]: Began running node model.dbt_driven_data.trusted_technical_data
[0m11:46:12.702391 [info ] [Thread-1 (]: 4 of 4 START sql table model driven_trusted.technical_data ..................... [RUN]
[0m11:46:12.702813 [debug] [Thread-1 (]: Re-using an available connection from the pool (formerly model.dbt_driven_data.trusted_pii_data, now model.dbt_driven_data.trusted_technical_data)
[0m11:46:12.703156 [debug] [Thread-1 (]: Began compiling node model.dbt_driven_data.trusted_technical_data
[0m11:46:12.705372 [debug] [Thread-1 (]: Writing injected SQL for node "model.dbt_driven_data.trusted_technical_data"
[0m11:46:12.706584 [debug] [Thread-1 (]: Began executing node model.dbt_driven_data.trusted_technical_data
[0m11:46:12.708891 [debug] [Thread-1 (]: Writing runtime sql for node "model.dbt_driven_data.trusted_technical_data"
[0m11:46:12.709650 [debug] [Thread-1 (]: Using postgres connection "model.dbt_driven_data.trusted_technical_data"
[0m11:46:12.709953 [debug] [Thread-1 (]: On model.dbt_driven_data.trusted_technical_data: BEGIN
[0m11:46:12.710248 [debug] [Thread-1 (]: Opening a new connection, currently in state closed
[0m11:46:12.711948 [debug] [Thread-1 (]: SQL status: BEGIN in 0.002 seconds
[0m11:46:12.712273 [debug] [Thread-1 (]: Using postgres connection "model.dbt_driven_data.trusted_technical_data"
[0m11:46:12.712590 [debug] [Thread-1 (]: On model.dbt_driven_data.trusted_technical_data: /* {"app": "dbt", "dbt_version": "1.8.0", "profile_name": "default", "target_name": "dev", "node_id": "model.dbt_driven_data.trusted_technical_data"} */

  
    

  create  table "airflow"."driven_trusted"."technical_data__dbt_tmp"
  
  
    as
  
  (
    

WITH source_data AS (
    SELECT
        fnu.unique_id,
        da.address,
        da.mac_address,
        da.ip_address,
        fnu.download_speed,
        fnu.upload_speed,
        ROUND((fnu.session_duration/60), 1) as min_session_duration,
        CASE 
            WHEN fnu.download_speed < 50 OR fnu.upload_speed < 30 OR fnu.session_duration/60 < 1 THEN true
            ELSE false
        END AS technical_issue
    FROM
        "airflow"."driven_staging"."fact_network_usage" fnu
    JOIN
        "airflow"."driven_staging"."dim_address" da
    ON
	    fnu.unique_id = da.unique_id
)

SELECT
    *
FROM
    source_data
  );
  
[0m11:46:12.716178 [debug] [Thread-1 (]: SQL status: SELECT 814 in 0.003 seconds
[0m11:46:12.718123 [debug] [Thread-1 (]: Using postgres connection "model.dbt_driven_data.trusted_technical_data"
[0m11:46:12.718431 [debug] [Thread-1 (]: On model.dbt_driven_data.trusted_technical_data: /* {"app": "dbt", "dbt_version": "1.8.0", "profile_name": "default", "target_name": "dev", "node_id": "model.dbt_driven_data.trusted_technical_data"} */
alter table "airflow"."driven_trusted"."technical_data__dbt_tmp" rename to "technical_data"
[0m11:46:12.718878 [debug] [Thread-1 (]: SQL status: ALTER TABLE in 0.000 seconds
[0m11:46:12.719933 [debug] [Thread-1 (]: On model.dbt_driven_data.trusted_technical_data: COMMIT
[0m11:46:12.720240 [debug] [Thread-1 (]: Using postgres connection "model.dbt_driven_data.trusted_technical_data"
[0m11:46:12.720527 [debug] [Thread-1 (]: On model.dbt_driven_data.trusted_technical_data: COMMIT
[0m11:46:12.721415 [debug] [Thread-1 (]: SQL status: COMMIT in 0.001 seconds
[0m11:46:12.722819 [debug] [Thread-1 (]: Applying DROP to: "airflow"."driven_trusted"."technical_data__dbt_backup"
[0m11:46:12.724182 [debug] [Thread-1 (]: Using postgres connection "model.dbt_driven_data.trusted_technical_data"
[0m11:46:12.724487 [debug] [Thread-1 (]: On model.dbt_driven_data.trusted_technical_data: /* {"app": "dbt", "dbt_version": "1.8.0", "profile_name": "default", "target_name": "dev", "node_id": "model.dbt_driven_data.trusted_technical_data"} */
drop table if exists "airflow"."driven_trusted"."technical_data__dbt_backup" cascade
[0m11:46:12.724903 [debug] [Thread-1 (]: SQL status: DROP TABLE in 0.000 seconds
[0m11:46:12.725703 [debug] [Thread-1 (]: On model.dbt_driven_data.trusted_technical_data: Close
[0m11:46:12.726132 [debug] [Thread-1 (]: Sending event: {'category': 'dbt', 'action': 'run_model', 'label': '1ad6b0e2-19ae-4774-a643-b6ff46cad143', 'context': [<snowplow_tracker.self_describing_json.SelfDescribingJson object at 0xffffa338b6d0>]}
[0m11:46:12.726594 [info ] [Thread-1 (]: 4 of 4 OK created sql table model driven_trusted.technical_data ................ [[32mSELECT 814[0m in 0.02s]
[0m11:46:12.727134 [debug] [Thread-1 (]: Finished running node model.dbt_driven_data.trusted_technical_data
[0m11:46:12.727864 [debug] [MainThread]: Using postgres connection "master"
[0m11:46:12.728143 [debug] [MainThread]: On master: BEGIN
[0m11:46:12.728409 [debug] [MainThread]: Opening a new connection, currently in state closed
[0m11:46:12.730136 [debug] [MainThread]: SQL status: BEGIN in 0.002 seconds
[0m11:46:12.730411 [debug] [MainThread]: On master: COMMIT
[0m11:46:12.730669 [debug] [MainThread]: Using postgres connection "master"
[0m11:46:12.730933 [debug] [MainThread]: On master: COMMIT
[0m11:46:12.731287 [debug] [MainThread]: SQL status: COMMIT in 0.000 seconds
[0m11:46:12.731553 [debug] [MainThread]: On master: Close
[0m11:46:12.731891 [debug] [MainThread]: Connection 'master' was properly closed.
[0m11:46:12.732149 [debug] [MainThread]: Connection 'model.dbt_driven_data.trusted_technical_data' was properly closed.
[0m11:46:12.732475 [info ] [MainThread]: 
[0m11:46:12.732807 [info ] [MainThread]: Finished running 4 table models in 0 hours 0 minutes and 0.28 seconds (0.28s).
[0m11:46:12.733517 [debug] [MainThread]: Command end result
[0m11:46:12.756892 [info ] [MainThread]: 
[0m11:46:12.757285 [info ] [MainThread]: [32mCompleted successfully[0m
[0m11:46:12.757615 [info ] [MainThread]: 
[0m11:46:12.757958 [info ] [MainThread]: Done. PASS=4 WARN=0 ERROR=0 SKIP=0 TOTAL=4
[0m11:46:12.758577 [debug] [MainThread]: Resource report: {"command_name": "run", "command_success": true, "command_wall_clock_time": 0.6188869, "process_user_time": 1.331824, "process_kernel_time": 0.076047, "process_mem_max_rss": "114840", "process_out_blocks": "1857", "process_in_blocks": "0"}
[0m11:46:12.758968 [debug] [MainThread]: Command `dbt run` succeeded at 11:46:12.758921 after 0.62 seconds
[0m11:46:12.759268 [debug] [MainThread]: Sending event: {'category': 'dbt', 'action': 'invocation', 'label': 'end', 'context': [<snowplow_tracker.self_describing_json.SelfDescribingJson object at 0xffffa6bd8ac0>, <snowplow_tracker.self_describing_json.SelfDescribingJson object at 0xffffa5e15e70>, <snowplow_tracker.self_describing_json.SelfDescribingJson object at 0xffffa34731f0>]}
[0m11:46:12.759568 [debug] [MainThread]: Flushing usage events
