[2025-07-08T11:41:47.123+0000] {local_task_job_runner.py:123} INFO - ::group::Pre task execution logs
[2025-07-08T11:41:47.135+0000] {taskinstance.py:2612} INFO - Dependencies all met for dep_context=non-requeueable deps ti=<TaskInstance: extract_raw_data_pipeline.extract_raw_data manual__2025-07-08T11:41:45.934826+00:00 [queued]>
[2025-07-08T11:41:47.140+0000] {taskinstance.py:2612} INFO - Dependencies all met for dep_context=requeueable deps ti=<TaskInstance: extract_raw_data_pipeline.extract_raw_data manual__2025-07-08T11:41:45.934826+00:00 [queued]>
[2025-07-08T11:41:47.142+0000] {taskinstance.py:2865} INFO - Starting attempt 1 of 1
[2025-07-08T11:41:47.152+0000] {taskinstance.py:2888} INFO - Executing <Task(PythonOperator): extract_raw_data> on 2025-07-08 11:41:45.934826+00:00
[2025-07-08T11:41:47.163+0000] {standard_task_runner.py:104} INFO - Running: ['***', 'tasks', 'run', 'extract_raw_data_pipeline', 'extract_raw_data', 'manual__2025-07-08T11:41:45.934826+00:00', '--job-id', '38', '--raw', '--subdir', 'DAGS_FOLDER/driven_data_pipeline.py', '--cfg-path', '/tmp/tmpx_bhqzhd']
[2025-07-08T11:41:47.160+0000] {standard_task_runner.py:72} INFO - Started process 211 to run task
[2025-07-08T11:41:47.165+0000] {standard_task_runner.py:105} INFO - Job 38: Subtask extract_raw_data
[2025-07-08T11:41:47.197+0000] {task_command.py:467} INFO - Running <TaskInstance: extract_raw_data_pipeline.extract_raw_data manual__2025-07-08T11:41:45.934826+00:00 [running]> on host c95656197d4a
[2025-07-08T11:41:47.234+0000] {taskinstance.py:3131} INFO - Exporting env vars: AIRFLOW_CTX_DAG_OWNER='***' AIRFLOW_CTX_DAG_ID='extract_raw_data_pipeline' AIRFLOW_CTX_TASK_ID='extract_raw_data' AIRFLOW_CTX_EXECUTION_DATE='2025-07-08T11:41:45.934826+00:00' AIRFLOW_CTX_TRY_NUMBER='1' AIRFLOW_CTX_DAG_RUN_ID='manual__2025-07-08T11:41:45.934826+00:00'
[2025-07-08T11:41:47.235+0000] {logging_mixin.py:190} INFO - Task instance is in running state
[2025-07-08T11:41:47.235+0000] {logging_mixin.py:190} INFO -  Previous state of the Task instance: queued
[2025-07-08T11:41:47.235+0000] {logging_mixin.py:190} INFO - Current task name:extract_raw_data state:running start_date:2025-07-08 11:41:47.136363+00:00
[2025-07-08T11:41:47.235+0000] {logging_mixin.py:190} INFO - Dag name:extract_raw_data_pipeline and current dag run status:running
[2025-07-08T11:41:47.235+0000] {taskinstance.py:731} INFO - ::endgroup::
[2025-07-08T11:41:47.236+0000] {driven_data_pipeline.py:163} INFO - Started batch processing for 2025-07-08.
[2025-07-08T11:41:47.236+0000] {driven_data_pipeline.py:33} INFO - Created synthetic data for RO country code.
[2025-07-08T11:41:47.339+0000] {driven_data_pipeline.py:100} INFO - Written 514 records to the CSV file.
[2025-07-08T11:41:47.359+0000] {driven_data_pipeline.py:125} INFO - Added UUID to the dataset.
[2025-07-08T11:41:47.363+0000] {driven_data_pipeline.py:155} INFO - Updated accessed timestamp.
[2025-07-08T11:41:47.363+0000] {driven_data_pipeline.py:171} INFO - Finished batch processing 2025-07-08.
[2025-07-08T11:41:47.363+0000] {python.py:240} INFO - Done. Returned value was: None
[2025-07-08T11:41:47.370+0000] {taskinstance.py:340} INFO - ::group::Post task execution logs
[2025-07-08T11:41:47.370+0000] {taskinstance.py:352} INFO - Marking task as SUCCESS. dag_id=extract_raw_data_pipeline, task_id=extract_raw_data, run_id=manual__2025-07-08T11:41:45.934826+00:00, execution_date=20250708T114145, start_date=20250708T114147, end_date=20250708T114147
[2025-07-08T11:41:47.374+0000] {logging_mixin.py:190} INFO - Task instance in success state
[2025-07-08T11:41:47.375+0000] {logging_mixin.py:190} INFO -  Previous state of the Task instance: running
[2025-07-08T11:41:47.375+0000] {logging_mixin.py:190} INFO - Dag name:extract_raw_data_pipeline queued_at:2025-07-08 11:41:45.964631+00:00
[2025-07-08T11:41:47.375+0000] {logging_mixin.py:190} INFO - Task hostname:c95656197d4a operator:PythonOperator
[2025-07-08T11:41:47.391+0000] {local_task_job_runner.py:266} INFO - Task exited with return code 0
[2025-07-08T11:41:47.406+0000] {taskinstance.py:3900} INFO - 1 downstream tasks scheduled from follow-on schedule check
[2025-07-08T11:41:47.407+0000] {local_task_job_runner.py:245} INFO - ::endgroup::
