[2025-07-08T11:40:20.588+0000] {local_task_job_runner.py:123} INFO - ::group::Pre task execution logs
[2025-07-08T11:40:20.599+0000] {taskinstance.py:2612} INFO - Dependencies all met for dep_context=non-requeueable deps ti=<TaskInstance: extract_raw_data_pipeline.create_raw_schema manual__2025-07-08T11:40:19.259537+00:00 [queued]>
[2025-07-08T11:40:20.604+0000] {taskinstance.py:2612} INFO - Dependencies all met for dep_context=requeueable deps ti=<TaskInstance: extract_raw_data_pipeline.create_raw_schema manual__2025-07-08T11:40:19.259537+00:00 [queued]>
[2025-07-08T11:40:20.605+0000] {taskinstance.py:2865} INFO - Starting attempt 1 of 1
[2025-07-08T11:40:20.614+0000] {taskinstance.py:2888} INFO - Executing <Task(SQLExecuteQueryOperator): create_raw_schema> on 2025-07-08 11:40:19.259537+00:00
[2025-07-08T11:40:20.618+0000] {standard_task_runner.py:72} INFO - Started process 168 to run task
[2025-07-08T11:40:20.621+0000] {standard_task_runner.py:104} INFO - Running: ['***', 'tasks', 'run', 'extract_raw_data_pipeline', 'create_raw_schema', 'manual__2025-07-08T11:40:19.259537+00:00', '--job-id', '34', '--raw', '--subdir', 'DAGS_FOLDER/driven_data_pipeline.py', '--cfg-path', '/tmp/tmpnxoiqq91']
[2025-07-08T11:40:20.622+0000] {standard_task_runner.py:105} INFO - Job 34: Subtask create_raw_schema
[2025-07-08T11:40:20.653+0000] {task_command.py:467} INFO - Running <TaskInstance: extract_raw_data_pipeline.create_raw_schema manual__2025-07-08T11:40:19.259537+00:00 [running]> on host c95656197d4a
[2025-07-08T11:40:20.696+0000] {taskinstance.py:3131} INFO - Exporting env vars: AIRFLOW_CTX_DAG_OWNER='***' AIRFLOW_CTX_DAG_ID='extract_raw_data_pipeline' AIRFLOW_CTX_TASK_ID='create_raw_schema' AIRFLOW_CTX_EXECUTION_DATE='2025-07-08T11:40:19.259537+00:00' AIRFLOW_CTX_TRY_NUMBER='1' AIRFLOW_CTX_DAG_RUN_ID='manual__2025-07-08T11:40:19.259537+00:00'
[2025-07-08T11:40:20.698+0000] {logging_mixin.py:190} INFO - Task instance is in running state
[2025-07-08T11:40:20.698+0000] {logging_mixin.py:190} INFO -  Previous state of the Task instance: queued
[2025-07-08T11:40:20.698+0000] {logging_mixin.py:190} INFO - Current task name:create_raw_schema state:running start_date:2025-07-08 11:40:20.599989+00:00
[2025-07-08T11:40:20.698+0000] {logging_mixin.py:190} INFO - Dag name:extract_raw_data_pipeline and current dag run status:running
[2025-07-08T11:40:20.698+0000] {taskinstance.py:731} INFO - ::endgroup::
[2025-07-08T11:40:20.699+0000] {sql.py:266} INFO - Executing: CREATE SCHEMA IF NOT EXISTS driven_raw;
[2025-07-08T11:40:20.703+0000] {base.py:84} INFO - Retrieving connection 'postgres_default'
[2025-07-08T11:40:20.709+0000] {base.py:84} INFO - Retrieving connection 'postgres_default'
[2025-07-08T11:40:20.711+0000] {sql.py:509} INFO - Running statement: CREATE SCHEMA IF NOT EXISTS driven_raw;, parameters: None
[2025-07-08T11:40:20.719+0000] {taskinstance.py:340} INFO - ::group::Post task execution logs
[2025-07-08T11:40:20.719+0000] {taskinstance.py:352} INFO - Marking task as SUCCESS. dag_id=extract_raw_data_pipeline, task_id=create_raw_schema, run_id=manual__2025-07-08T11:40:19.259537+00:00, execution_date=20250708T114019, start_date=20250708T114020, end_date=20250708T114020
[2025-07-08T11:40:20.723+0000] {logging_mixin.py:190} INFO - Task instance in success state
[2025-07-08T11:40:20.724+0000] {logging_mixin.py:190} INFO -  Previous state of the Task instance: running
[2025-07-08T11:40:20.724+0000] {logging_mixin.py:190} INFO - Dag name:extract_raw_data_pipeline queued_at:2025-07-08 11:40:19.285554+00:00
[2025-07-08T11:40:20.724+0000] {logging_mixin.py:190} INFO - Task hostname:c95656197d4a operator:SQLExecuteQueryOperator
[2025-07-08T11:40:20.759+0000] {local_task_job_runner.py:266} INFO - Task exited with return code 0
[2025-07-08T11:40:20.775+0000] {taskinstance.py:3900} INFO - 0 downstream tasks scheduled from follow-on schedule check
[2025-07-08T11:40:20.776+0000] {local_task_job_runner.py:245} INFO - ::endgroup::
