[2025-07-08T11:46:07.183+0000] {local_task_job_runner.py:123} INFO - ::group::Pre task execution logs
[2025-07-08T11:46:07.189+0000] {taskinstance.py:2612} INFO - Dependencies all met for dep_context=non-requeueable deps ti=<TaskInstance: extract_raw_data_pipeline.run_dbt_staging manual__2025-07-08T11:45:59.939628+00:00 [queued]>
[2025-07-08T11:46:07.192+0000] {taskinstance.py:2612} INFO - Dependencies all met for dep_context=requeueable deps ti=<TaskInstance: extract_raw_data_pipeline.run_dbt_staging manual__2025-07-08T11:45:59.939628+00:00 [queued]>
[2025-07-08T11:46:07.192+0000] {taskinstance.py:2865} INFO - Starting attempt 1 of 1
[2025-07-08T11:46:07.197+0000] {taskinstance.py:2888} INFO - Executing <Task(BashOperator): run_dbt_staging> on 2025-07-08 11:45:59.939628+00:00
[2025-07-08T11:46:07.199+0000] {standard_task_runner.py:72} INFO - Started process 98 to run task
[2025-07-08T11:46:07.202+0000] {standard_task_runner.py:104} INFO - Running: ['***', 'tasks', 'run', 'extract_raw_data_pipeline', 'run_dbt_staging', 'manual__2025-07-08T11:45:59.939628+00:00', '--job-id', '50', '--raw', '--subdir', 'DAGS_FOLDER/driven_data_pipeline.py', '--cfg-path', '/tmp/tmp5mbjwq67']
[2025-07-08T11:46:07.202+0000] {standard_task_runner.py:105} INFO - Job 50: Subtask run_dbt_staging
[2025-07-08T11:46:07.221+0000] {task_command.py:467} INFO - Running <TaskInstance: extract_raw_data_pipeline.run_dbt_staging manual__2025-07-08T11:45:59.939628+00:00 [running]> on host c5e8f63c4851
[2025-07-08T11:46:07.249+0000] {taskinstance.py:3131} INFO - Exporting env vars: AIRFLOW_CTX_DAG_OWNER='***' AIRFLOW_CTX_DAG_ID='extract_raw_data_pipeline' AIRFLOW_CTX_TASK_ID='run_dbt_staging' AIRFLOW_CTX_EXECUTION_DATE='2025-07-08T11:45:59.939628+00:00' AIRFLOW_CTX_TRY_NUMBER='1' AIRFLOW_CTX_DAG_RUN_ID='manual__2025-07-08T11:45:59.939628+00:00'
[2025-07-08T11:46:07.250+0000] {logging_mixin.py:190} INFO - Task instance is in running state
[2025-07-08T11:46:07.250+0000] {logging_mixin.py:190} INFO -  Previous state of the Task instance: queued
[2025-07-08T11:46:07.250+0000] {logging_mixin.py:190} INFO - Current task name:run_dbt_staging state:running start_date:2025-07-08 11:46:07.189555+00:00
[2025-07-08T11:46:07.250+0000] {logging_mixin.py:190} INFO - Dag name:extract_raw_data_pipeline and current dag run status:running
[2025-07-08T11:46:07.250+0000] {taskinstance.py:731} INFO - ::endgroup::
[2025-07-08T11:46:07.251+0000] {subprocess.py:63} INFO - Tmp dir root location: /tmp
[2025-07-08T11:46:07.251+0000] {subprocess.py:75} INFO - Running command: ['/usr/bin/bash', '-c', 'set -x; cd /opt/***/dbt && dbt run --select tag:staging']
[2025-07-08T11:46:07.257+0000] {subprocess.py:86} INFO - Output:
[2025-07-08T11:46:07.258+0000] {subprocess.py:93} INFO - + cd /opt/***/dbt
[2025-07-08T11:46:07.258+0000] {subprocess.py:93} INFO - + dbt run --select tag:staging
[2025-07-08T11:46:08.414+0000] {subprocess.py:93} INFO - [0m11:46:08  Running with dbt=1.8.0
[2025-07-08T11:46:08.534+0000] {subprocess.py:93} INFO - [0m11:46:08  Registered adapter: postgres=1.8.2
[2025-07-08T11:46:08.628+0000] {subprocess.py:93} INFO - [0m11:46:08  Unable to do partial parsing because profile has changed
[2025-07-08T11:46:09.211+0000] {subprocess.py:93} INFO - [0m11:46:09  Found 9 models, 10 sources, 428 macros
[2025-07-08T11:46:09.212+0000] {subprocess.py:93} INFO - [0m11:46:09
[2025-07-08T11:46:09.277+0000] {subprocess.py:93} INFO - [0m11:46:09  Concurrency: 1 threads (target='dev')
[2025-07-08T11:46:09.278+0000] {subprocess.py:93} INFO - [0m11:46:09
[2025-07-08T11:46:09.283+0000] {subprocess.py:93} INFO - [0m11:46:09  1 of 5 START sql table model driven_staging.dim_address ........................ [RUN]
[2025-07-08T11:46:09.344+0000] {subprocess.py:93} INFO - [0m11:46:09  1 of 5 OK created sql table model driven_staging.dim_address ................... [[32mSELECT 814[0m in 0.06s]
[2025-07-08T11:46:09.346+0000] {subprocess.py:93} INFO - [0m11:46:09  2 of 5 START sql table model driven_staging.dim_date ........................... [RUN]
[2025-07-08T11:46:09.437+0000] {subprocess.py:93} INFO - [0m11:46:09  2 of 5 OK created sql table model driven_staging.dim_date ...................... [[32mSELECT 814[0m in 0.09s]
[2025-07-08T11:46:09.438+0000] {subprocess.py:93} INFO - [0m11:46:09  3 of 5 START sql table model driven_staging.dim_finance ........................ [RUN]
[2025-07-08T11:46:09.461+0000] {subprocess.py:93} INFO - [0m11:46:09  3 of 5 OK created sql table model driven_staging.dim_finance ................... [[32mSELECT 814[0m in 0.02s]
[2025-07-08T11:46:09.462+0000] {subprocess.py:93} INFO - [0m11:46:09  4 of 5 START sql table model driven_staging.dim_person ......................... [RUN]
[2025-07-08T11:46:09.493+0000] {subprocess.py:93} INFO - [0m11:46:09  4 of 5 OK created sql table model driven_staging.dim_person .................... [[32mSELECT 814[0m in 0.03s]
[2025-07-08T11:46:09.495+0000] {subprocess.py:93} INFO - [0m11:46:09  5 of 5 START sql table model driven_staging.fact_network_usage ................. [RUN]
[2025-07-08T11:46:09.519+0000] {subprocess.py:93} INFO - [0m11:46:09  5 of 5 OK created sql table model driven_staging.fact_network_usage ............ [[32mSELECT 814[0m in 0.02s]
[2025-07-08T11:46:09.525+0000] {subprocess.py:93} INFO - [0m11:46:09
[2025-07-08T11:46:09.526+0000] {subprocess.py:93} INFO - [0m11:46:09  Finished running 5 table models in 0 hours 0 minutes and 0.31 seconds (0.31s).
[2025-07-08T11:46:09.552+0000] {subprocess.py:93} INFO - [0m11:46:09
[2025-07-08T11:46:09.552+0000] {subprocess.py:93} INFO - [0m11:46:09  [32mCompleted successfully[0m
[2025-07-08T11:46:09.552+0000] {subprocess.py:93} INFO - [0m11:46:09
[2025-07-08T11:46:09.553+0000] {subprocess.py:93} INFO - [0m11:46:09  Done. PASS=5 WARN=0 ERROR=0 SKIP=0 TOTAL=5
[2025-07-08T11:46:10.357+0000] {subprocess.py:97} INFO - Command exited with return code 0
[2025-07-08T11:46:10.372+0000] {taskinstance.py:340} INFO - ::group::Post task execution logs
[2025-07-08T11:46:10.372+0000] {taskinstance.py:352} INFO - Marking task as SUCCESS. dag_id=extract_raw_data_pipeline, task_id=run_dbt_staging, run_id=manual__2025-07-08T11:45:59.939628+00:00, execution_date=20250708T114559, start_date=20250708T114607, end_date=20250708T114610
[2025-07-08T11:46:10.376+0000] {logging_mixin.py:190} INFO - Task instance in success state
[2025-07-08T11:46:10.376+0000] {logging_mixin.py:190} INFO -  Previous state of the Task instance: running
[2025-07-08T11:46:10.377+0000] {logging_mixin.py:190} INFO - Dag name:extract_raw_data_pipeline queued_at:2025-07-08 11:45:59.957145+00:00
[2025-07-08T11:46:10.377+0000] {logging_mixin.py:190} INFO - Task hostname:c5e8f63c4851 operator:BashOperator
[2025-07-08T11:46:10.402+0000] {local_task_job_runner.py:266} INFO - Task exited with return code 0
[2025-07-08T11:46:10.414+0000] {taskinstance.py:3900} INFO - 1 downstream tasks scheduled from follow-on schedule check
[2025-07-08T11:46:10.415+0000] {local_task_job_runner.py:245} INFO - ::endgroup::
