[2025-07-08T11:28:34.604+0000] {local_task_job_runner.py:123} INFO - ::group::Pre task execution logs
[2025-07-08T11:28:34.613+0000] {taskinstance.py:2612} INFO - Dependencies all met for dep_context=non-requeueable deps ti=<TaskInstance: extract_raw_data_pipeline.extract_raw_data manual__2025-07-08T11:28:33.359043+00:00 [queued]>
[2025-07-08T11:28:34.618+0000] {taskinstance.py:2612} INFO - Dependencies all met for dep_context=requeueable deps ti=<TaskInstance: extract_raw_data_pipeline.extract_raw_data manual__2025-07-08T11:28:33.359043+00:00 [queued]>
[2025-07-08T11:28:34.618+0000] {taskinstance.py:2865} INFO - Starting attempt 1 of 1
[2025-07-08T11:28:34.626+0000] {taskinstance.py:2888} INFO - Executing <Task(PythonOperator): extract_raw_data> on 2025-07-08 11:28:33.359043+00:00
[2025-07-08T11:28:34.632+0000] {standard_task_runner.py:72} INFO - Started process 523 to run task
[2025-07-08T11:28:34.634+0000] {standard_task_runner.py:104} INFO - Running: ['***', 'tasks', 'run', 'extract_raw_data_pipeline', 'extract_raw_data', 'manual__2025-07-08T11:28:33.359043+00:00', '--job-id', '23', '--raw', '--subdir', 'DAGS_FOLDER/driven_data_pipeline.py', '--cfg-path', '/tmp/tmpotkm8mbs']
[2025-07-08T11:28:34.635+0000] {standard_task_runner.py:105} INFO - Job 23: Subtask extract_raw_data
[2025-07-08T11:28:34.661+0000] {task_command.py:467} INFO - Running <TaskInstance: extract_raw_data_pipeline.extract_raw_data manual__2025-07-08T11:28:33.359043+00:00 [running]> on host 08d09176ca22
[2025-07-08T11:28:34.695+0000] {taskinstance.py:3131} INFO - Exporting env vars: AIRFLOW_CTX_DAG_OWNER='***' AIRFLOW_CTX_DAG_ID='extract_raw_data_pipeline' AIRFLOW_CTX_TASK_ID='extract_raw_data' AIRFLOW_CTX_EXECUTION_DATE='2025-07-08T11:28:33.359043+00:00' AIRFLOW_CTX_TRY_NUMBER='1' AIRFLOW_CTX_DAG_RUN_ID='manual__2025-07-08T11:28:33.359043+00:00'
[2025-07-08T11:28:34.697+0000] {logging_mixin.py:190} INFO - Task instance is in running state
[2025-07-08T11:28:34.697+0000] {logging_mixin.py:190} INFO -  Previous state of the Task instance: queued
[2025-07-08T11:28:34.697+0000] {logging_mixin.py:190} INFO - Current task name:extract_raw_data state:running start_date:2025-07-08 11:28:34.614272+00:00
[2025-07-08T11:28:34.697+0000] {logging_mixin.py:190} INFO - Dag name:extract_raw_data_pipeline and current dag run status:running
[2025-07-08T11:28:34.697+0000] {taskinstance.py:731} INFO - ::endgroup::
[2025-07-08T11:28:34.698+0000] {driven_data_pipeline.py:163} INFO - Started batch processing for 2025-07-08.
[2025-07-08T11:28:34.698+0000] {driven_data_pipeline.py:33} INFO - Created synthetic data for RO country code.
[2025-07-08T11:28:34.787+0000] {driven_data_pipeline.py:99} INFO - Written 536 records to the CSV file.
[2025-07-08T11:28:34.813+0000] {driven_data_pipeline.py:125} INFO - Added UUID to the dataset.
[2025-07-08T11:28:34.822+0000] {driven_data_pipeline.py:155} INFO - Updated accessed timestamp.
[2025-07-08T11:28:34.822+0000] {driven_data_pipeline.py:171} INFO - Finished batch processing 2025-07-08.
[2025-07-08T11:28:34.822+0000] {python.py:240} INFO - Done. Returned value was: None
[2025-07-08T11:28:34.826+0000] {taskinstance.py:340} INFO - ::group::Post task execution logs
[2025-07-08T11:28:34.826+0000] {taskinstance.py:352} INFO - Marking task as SUCCESS. dag_id=extract_raw_data_pipeline, task_id=extract_raw_data, run_id=manual__2025-07-08T11:28:33.359043+00:00, execution_date=20250708T112833, start_date=20250708T112834, end_date=20250708T112834
[2025-07-08T11:28:34.830+0000] {logging_mixin.py:190} INFO - Task instance in success state
[2025-07-08T11:28:34.830+0000] {logging_mixin.py:190} INFO -  Previous state of the Task instance: running
[2025-07-08T11:28:34.830+0000] {logging_mixin.py:190} INFO - Dag name:extract_raw_data_pipeline queued_at:2025-07-08 11:28:33.369829+00:00
[2025-07-08T11:28:34.830+0000] {logging_mixin.py:190} INFO - Task hostname:08d09176ca22 operator:PythonOperator
[2025-07-08T11:28:34.855+0000] {local_task_job_runner.py:266} INFO - Task exited with return code 0
[2025-07-08T11:28:34.867+0000] {taskinstance.py:3900} INFO - 1 downstream tasks scheduled from follow-on schedule check
[2025-07-08T11:28:34.868+0000] {local_task_job_runner.py:245} INFO - ::endgroup::
